{"timestamp":"2025-07-17T07:25:44.380Z","action":"CREATE","contractId":1,"user":"admin","detail":{"contractNo":"52456146146ดเพเ"}}
{"timestamp":"2025-07-17T07:26:07.811Z","action":"PERIOD_ADD","contractId":"1","user":"admin","detail":{"dueDate":"2025-07-16"}}
{"timestamp":"2025-07-17T07:26:15.664Z","action":"UPLOAD","contractId":"1","user":"admin","detail":{"files":["download.pdf"]}}
{"timestamp":"2025-07-17T07:26:33.305Z","action":"DELETE","contractId":"1","user":"admin","detail":{"contractNo":"52456146146ดเพเ"}}
{"timestamp":"2025-07-17T07:34:35.401Z","action":"CREATE","contractId":2,"user":"admin","detail":{"contractNo":"ื6515"}}
{"timestamp":"2025-07-17T07:35:16.137Z","action":"PERIOD_ADD","contractId":"2","user":"admin","detail":{"dueDate":"2025-07-20"}}
{"timestamp":"2025-07-17T07:35:19.902Z","action":"UPLOAD","contractId":"2","user":"admin","detail":{"files":["download.pdf"]}}
{"timestamp":"2025-07-17T08:10:04.935Z","action":"CREATE","contractId":7,"user":"admin","detail":{"contractNo":"V-545"}}
{"timestamp":"2025-07-17T08:10:44.188Z","action":"UPLOAD","contractId":"7","user":"admin","detail":{"files":["download.pdf"]}}
{"timestamp":"2025-07-17T08:11:00.084Z","action":"PERIOD_ADD","contractId":"7","user":"admin","detail":{"dueDate":"2025-07-18"}}
{"timestamp":"2025-07-17T08:52:30.977Z","action":"UPLOAD","contractId":"7","user":"admin","detail":{"files":["à¸à¹à¸à¹à¸à¹.pdf"]}}
{"timestamp":"2025-07-17T08:56:03.292Z","action":"PERIOD_ADD","contractId":"2","user":"admin","detail":{"dueDate":"2025-07-31"}}
{"timestamp":"2025-07-17T09:22:18.949Z","action":"PERIOD_ADD","contractId":"2","user":"admin","detail":{"periodNo":5,"dueDate":"2025-08-15"}}
{"timestamp":"2025-07-18T01:10:55.019Z","action":"PERIOD_ADD","contractId":"2","user":"admin","detail":{"periodNo":6,"dueDate":"2026-05-27"}}
{"timestamp":"2025-07-18T02:19:40.582Z","action":"CREATE","contractId":13,"user":"admin","detail":{"contractNo":"ร่ถัะื่ัะ"}}
{"timestamp":"2025-07-18T02:19:45.272Z","action":"DELETE","contractId":"13","user":"admin","detail":{"contractNo":"ร่ถัะื่ัะ"}}
{"timestamp":"2025-07-18T02:21:16.491Z","action":"CREATE","contractId":14,"user":"admin","detail":{"contractNo":"CS-26"}}
{"timestamp":"2025-07-18T02:21:57.913Z","action":"PERIOD_ADD","contractId":"14","user":"admin","detail":{"periodNo":1,"dueDate":"2025-07-25","alert_days":5}}
{"timestamp":"2025-07-18T02:32:02.582Z","action":"CREATE","contractId":15,"user":"admin","detail":{"contractNo":"555"}}
{"timestamp":"2025-07-18T02:32:25.462Z","action":"PERIOD_ADD","contractId":"15","user":"admin","detail":{"periodNo":1,"dueDate":"2025-07-19","alert_days":1}}
{"timestamp":"2025-07-18T02:33:53.578Z","action":"PERIOD_ADD","contractId":"15","user":"admin","detail":{"periodNo":2,"dueDate":"2025-07-18","alert_days":0}}
{"timestamp":"2025-07-18T02:34:12.225Z","action":"PERIOD_ADD","contractId":"15","user":"admin","detail":{"periodNo":3,"dueDate":"2025-07-19","alert_days":0}}
{"timestamp":"2025-07-18T02:48:59.906Z","action":"DELETE","contractId":"7","user":"admin","detail":{"contractNo":"V-545"}}
{"timestamp":"2025-07-18T02:51:02.690Z","action":"ALERT_CONTRACT_EXPIRY","contractId":"-","user":"system","detail":{"count":1}}
{"timestamp":"2025-07-18T02:56:02.562Z","action":"ALERT_CONTRACT_EXPIRY","contractId":"-","user":"system","detail":{"count":1}}
{"timestamp":"2025-07-18T02:56:05.815Z","action":"ALERT_PERIOD_DUE","contractId":"-","user":"system","detail":{"count":4}}
{"timestamp":"2025-07-18T02:57:02.282Z","action":"ALERT_CONTRACT_EXPIRY","contractId":"-","user":"system","detail":{"count":1}}
{"timestamp":"2025-07-18T02:57:04.667Z","action":"ALERT_PERIOD_DUE","contractId":"-","user":"system","detail":{"count":4}}
{"timestamp":"2025-07-18T02:57:19.724Z","action":"PERIOD_ADD","contractId":"15","user":"admin","detail":{"periodNo":5,"dueDate":"2025-07-18","alert_days":0}}
{"timestamp":"2025-07-18T02:57:49.796Z","action":"PERIOD_ADD","contractId":"15","user":"admin","detail":{"periodNo":5,"dueDate":"2025-07-17","alert_days":1}}
{"timestamp":"2025-07-18T02:58:02.338Z","action":"ALERT_CONTRACT_EXPIRY","contractId":"-","user":"system","detail":{"count":1}}
{"timestamp":"2025-07-18T02:58:04.449Z","action":"ALERT_PERIOD_DUE","contractId":"-","user":"system","detail":{"count":6}}
{"timestamp":"2025-07-18T02:59:02.240Z","action":"ALERT_CONTRACT_EXPIRY","contractId":"-","user":"system","detail":{"count":1}}
{"timestamp":"2025-07-18T02:59:04.546Z","action":"ALERT_PERIOD_DUE","contractId":"-","user":"system","detail":{"count":6}}
{"timestamp":"2025-07-18T03:00:04.469Z","action":"ALERT_CONTRACT_EXPIRY","contractId":"-","user":"system","detail":{"count":1}}
{"timestamp":"2025-07-18T03:00:07.269Z","action":"ALERT_PERIOD_DUE","contractId":"-","user":"system","detail":{"count":6}}
{"timestamp":"2025-07-18T03:00:56.655Z","action":"PERIOD_ADD","contractId":"15","user":"admin","detail":{"periodNo":55,"dueDate":"2025-07-18","alert_days":0}}
{"timestamp":"2025-07-18T03:01:02.422Z","action":"ALERT_CONTRACT_EXPIRY","contractId":"-","user":"system","detail":{"count":1}}
{"timestamp":"2025-07-18T03:01:04.750Z","action":"ALERT_PERIOD_DUE","contractId":"-","user":"system","detail":{"count":7}}
{"timestamp":"2025-07-18T03:02:02.292Z","action":"ALERT_CONTRACT_EXPIRY","contractId":"-","user":"system","detail":{"count":1}}
{"timestamp":"2025-07-18T03:02:04.624Z","action":"ALERT_PERIOD_DUE","contractId":"-","user":"system","detail":{"count":7}}
{"timestamp":"2025-07-18T03:03:02.231Z","action":"ALERT_CONTRACT_EXPIRY","contractId":"-","user":"system","detail":{"count":1}}
{"timestamp":"2025-07-18T03:03:04.322Z","action":"ALERT_PERIOD_DUE","contractId":"-","user":"system","detail":{"count":7}}
{"timestamp":"2025-07-18T03:04:02.311Z","action":"ALERT_CONTRACT_EXPIRY","contractId":"-","user":"system","detail":{"count":1}}
{"timestamp":"2025-07-18T03:04:05.034Z","action":"ALERT_PERIOD_DUE","contractId":"-","user":"system","detail":{"count":7}}
{"timestamp":"2025-07-18T03:05:02.246Z","action":"ALERT_CONTRACT_EXPIRY","contractId":"-","user":"system","detail":{"count":1}}
{"timestamp":"2025-07-18T03:05:04.339Z","action":"ALERT_PERIOD_DUE","contractId":"-","user":"system","detail":{"count":7}}
{"timestamp":"2025-07-18T03:06:02.314Z","action":"ALERT_CONTRACT_EXPIRY","contractId":"-","user":"system","detail":{"count":1}}
{"timestamp":"2025-07-18T03:06:04.420Z","action":"ALERT_PERIOD_DUE","contractId":"-","user":"system","detail":{"count":7}}
{"timestamp":"2025-07-18T03:07:02.488Z","action":"ALERT_CONTRACT_EXPIRY","contractId":"-","user":"system","detail":{"count":1}}
{"timestamp":"2025-07-18T03:07:04.514Z","action":"ALERT_PERIOD_DUE","contractId":"-","user":"system","detail":{"count":7}}
{"timestamp":"2025-07-18T03:08:02.873Z","action":"ALERT_CONTRACT_EXPIRY","contractId":"-","user":"system","detail":{"count":1}}
{"timestamp":"2025-07-18T03:08:05.036Z","action":"ALERT_PERIOD_DUE","contractId":"-","user":"system","detail":{"count":5}}
{"timestamp":"2025-07-18T03:09:02.840Z","action":"ALERT_CONTRACT_EXPIRY","contractId":"-","user":"system","detail":{"count":1}}
{"timestamp":"2025-07-18T03:09:05.162Z","action":"ALERT_PERIOD_DUE","contractId":"-","user":"system","detail":{"count":5}}
{"timestamp":"2025-07-18T03:10:02.914Z","action":"ALERT_CONTRACT_EXPIRY","contractId":"-","user":"system","detail":{"count":1}}
{"timestamp":"2025-07-18T03:10:04.955Z","action":"ALERT_PERIOD_DUE","contractId":"-","user":"system","detail":{"count":5}}
{"timestamp":"2025-07-18T03:11:02.244Z","action":"ALERT_CONTRACT_EXPIRY","contractId":"-","user":"system","detail":{"count":1}}
{"timestamp":"2025-07-18T03:11:04.335Z","action":"ALERT_PERIOD_DUE","contractId":"-","user":"system","detail":{"count":5}}
{"timestamp":"2025-07-18T03:12:02.901Z","action":"ALERT_CONTRACT_EXPIRY","contractId":"-","user":"system","detail":{"count":1}}
{"timestamp":"2025-07-18T03:12:04.965Z","action":"ALERT_PERIOD_DUE","contractId":"-","user":"system","detail":{"count":5}}
{"timestamp":"2025-07-18T03:24:02.871Z","action":"ALERT_PERIOD_DUE","contractId":"-","user":"system","detail":{"count":4}}
{"timestamp":"2025-07-18T03:24:45.530Z","action":"PERIOD_DELETE","contractId":"8","user":"admin","detail":{}}
{"timestamp":"2025-07-18T03:24:47.584Z","action":"PERIOD_DELETE","contractId":"9","user":"admin","detail":{}}
{"timestamp":"2025-07-18T03:24:57.958Z","action":"PERIOD_DELETE","contractId":"10","user":"admin","detail":{}}
{"timestamp":"2025-07-18T03:25:00.845Z","action":"PERIOD_DELETE","contractId":"11","user":"admin","detail":{}}
{"timestamp":"2025-07-18T03:25:02.178Z","action":"ALERT_PERIOD_DUE","contractId":"-","user":"system","detail":{"count":2}}
{"timestamp":"2025-07-18T03:25:03.223Z","action":"PERIOD_DELETE","contractId":"12","user":"admin","detail":{}}
{"timestamp":"2025-07-18T03:25:52.146Z","action":"PERIOD_DELETE","contractId":"13","user":"admin","detail":{}}
{"timestamp":"2025-07-18T03:26:10.753Z","action":"PERIOD_ADD","contractId":"15","user":"admin","detail":{"periodNo":1,"dueDate":"2025-07-18","alert_days":0}}
{"timestamp":"2025-07-18T03:26:32.668Z","action":"PERIOD_ADD","contractId":"15","user":"admin","detail":{"periodNo":2,"dueDate":"2025-07-19","alert_days":1}}
{"timestamp":"2025-07-18T03:28:02.562Z","action":"ALERT_PERIOD_DUE","contractId":"-","user":"system","detail":{"count":2}}
{"timestamp":"2025-07-18T03:29:10.497Z","action":"ALERT_PERIOD_DUE","contractId":"-","user":"system","detail":{"count":2}}
{"timestamp":"2025-07-18T03:30:02.864Z","action":"ALERT_PERIOD_DUE","contractId":"-","user":"system","detail":{"count":2}}
{"timestamp":"2025-07-18T03:31:03.032Z","action":"ALERT_PERIOD_DUE","contractId":"-","user":"system","detail":{"count":2}}
{"timestamp":"2025-07-18T04:08:38.615Z","action":"PERIOD_ADD","contractId":"14","user":"admin","detail":{"periodNo":2,"dueDate":"2025-07-18","alert_days":0}}
{"timestamp":"2025-07-18T04:09:02.606Z","action":"ALERT_PERIOD_DUE","contractId":"CS-26","user":"system","detail":{"count":1}}
{"timestamp":"2025-07-18T04:09:04.917Z","action":"ALERT_PERIOD_DUE","contractId":"555","user":"system","detail":{"count":2}}
{"timestamp":"2025-07-18T04:09:07.074Z","action":"ALERT_CONTRACT_EXPIRY","contractId":"555","user":"system","detail":{"daysLeft":null}}
{"timestamp":"2025-07-18T04:40:03.431Z","action":"ALERT_PERIOD_DUE","contractId":"CS-26","user":"system","detail":{"count":1}}
{"timestamp":"2025-07-18T04:40:05.652Z","action":"ALERT_PERIOD_DUE","contractId":"555","user":"system","detail":{"count":2}}
{"timestamp":"2025-07-18T04:40:08.010Z","action":"ALERT_CONTRACT_EXPIRY","contractId":"555","user":"system","detail":{"daysLeft":null}}
{"timestamp":"2025-07-18T04:41:02.365Z","action":"ALERT_PERIOD_DUE","contractId":"CS-26","user":"system","detail":{"count":1}}
{"timestamp":"2025-07-18T04:41:05.142Z","action":"ALERT_PERIOD_DUE","contractId":"555","user":"system","detail":{"count":2}}
{"timestamp":"2025-07-18T04:41:07.310Z","action":"ALERT_CONTRACT_EXPIRY","contractId":"555","user":"system","detail":{"daysLeft":null}}
{"timestamp":"2025-07-18T04:46:03.079Z","action":"ALERT_PERIOD_DUE","contractId":"CS-26","user":"system","detail":{"count":1}}
{"timestamp":"2025-07-18T04:46:05.394Z","action":"ALERT_PERIOD_DUE","contractId":"555","user":"system","detail":{"count":2}}
{"timestamp":"2025-07-18T04:46:07.628Z","action":"ALERT_CONTRACT_EXPIRY","contractId":"555","user":"system","detail":{"daysLeft":"-"}}
{"timestamp":"2025-07-18T04:51:02.576Z","action":"ALERT_PERIOD_DUE","contractId":"CS-26","user":"system","detail":{"count":1}}
{"timestamp":"2025-07-18T04:51:04.638Z","action":"ALERT_PERIOD_DUE","contractId":"555","user":"system","detail":{"count":2}}
{"timestamp":"2025-07-18T04:51:06.730Z","action":"ALERT_CONTRACT_EXPIRY","contractId":"555","user":"system","detail":{"daysLeft":1}}
{"timestamp":"2025-07-18T04:51:18.375Z","action":"PERIOD_ADD","contractId":"14","user":"admin","detail":{"periodNo":3,"dueDate":"2025-07-24","alert_days":15}}
{"timestamp":"2025-07-18T04:52:02.112Z","action":"ALERT_PERIOD_DUE","contractId":"CS-26","user":"system","detail":{"count":1}}
{"timestamp":"2025-07-18T04:52:04.627Z","action":"ALERT_PERIOD_DUE","contractId":"555","user":"system","detail":{"count":2}}
{"timestamp":"2025-07-18T04:52:06.718Z","action":"ALERT_CONTRACT_EXPIRY","contractId":"555","user":"system","detail":{"daysLeft":1}}
{"timestamp":"2025-07-18T04:52:17.374Z","action":"PERIOD_ADD","contractId":"15","user":"admin","detail":{"periodNo":3,"dueDate":"2025-07-17","alert_days":5}}
{"timestamp":"2025-07-18T04:53:02.391Z","action":"ALERT_PERIOD_DUE","contractId":"CS-26","user":"system","detail":{"count":1}}
{"timestamp":"2025-07-18T04:53:04.527Z","action":"ALERT_PERIOD_DUE","contractId":"555","user":"system","detail":{"count":2}}
{"timestamp":"2025-07-18T04:53:06.585Z","action":"ALERT_CONTRACT_EXPIRY","contractId":"555","user":"system","detail":{"daysLeft":1}}
{"timestamp":"2025-07-18T04:54:02.436Z","action":"ALERT_PERIOD_DUE","contractId":"CS-26","user":"system","detail":{"count":1}}
{"timestamp":"2025-07-18T04:54:04.538Z","action":"ALERT_PERIOD_DUE","contractId":"555","user":"system","detail":{"count":2}}
{"timestamp":"2025-07-18T04:54:06.575Z","action":"ALERT_CONTRACT_EXPIRY","contractId":"555","user":"system","detail":{"daysLeft":1}}
{"timestamp":"2025-07-18T04:55:02.202Z","action":"ALERT_PERIOD_DUE","contractId":"CS-26","user":"system","detail":{"count":1}}
{"timestamp":"2025-07-18T04:55:04.432Z","action":"ALERT_PERIOD_DUE","contractId":"555","user":"system","detail":{"count":2}}
{"timestamp":"2025-07-18T04:55:06.506Z","action":"ALERT_CONTRACT_EXPIRY","contractId":"555","user":"system","detail":{"daysLeft":1}}
{"timestamp":"2025-07-18T04:56:02.928Z","action":"ALERT_PERIOD_DUE","contractId":"CS-26","user":"system","detail":{"count":1}}
{"timestamp":"2025-07-18T04:56:05.260Z","action":"ALERT_PERIOD_DUE","contractId":"555","user":"system","detail":{"count":2}}
{"timestamp":"2025-07-18T04:56:08.218Z","action":"ALERT_CONTRACT_EXPIRY","contractId":"555","user":"system","detail":{"daysLeft":1}}
{"timestamp":"2025-07-18T05:04:02.369Z","action":"ALERT_PERIOD_DUE","contractId":"CS-26","user":"system","detail":{"count":1}}
{"timestamp":"2025-07-18T05:04:04.781Z","action":"ALERT_PERIOD_DUE","contractId":"555","user":"system","detail":{"count":2}}
{"timestamp":"2025-07-18T05:04:07.815Z","action":"ALERT_CONTRACT_EXPIRY","contractId":"555","user":"system","detail":{"daysLeft":1}}
{"timestamp":"2025-07-18T05:05:02.810Z","action":"ALERT_PERIOD_DUE","contractId":"CS-26","user":"system","detail":{"count":1}}
{"timestamp":"2025-07-18T05:05:04.868Z","action":"ALERT_PERIOD_DUE","contractId":"555","user":"system","detail":{"count":2}}
{"timestamp":"2025-07-24T03:22:51.219Z","action":"PERIOD_ADD","contractId":"2","user":"copyyu","detail":{"periodNo":7,"dueDate":"2025-07-26","alert_days":3}}
{"timestamp":"2025-07-24T03:22:53.698Z","action":"PERIOD_ADD","contractId":"2","user":"copyyu","detail":{"periodNo":7,"dueDate":"2025-07-26","alert_days":3}}
{"timestamp":"2025-07-24T03:25:24.182Z","action":"PERIOD_ADD","contractId":"2","user":"copyyu","detail":{"periodNo":7,"dueDate":"2025-07-26","alert_days":3}}
{"timestamp":"2025-07-24T03:26:18.703Z","action":"PERIOD_ADD","contractId":"15","user":"copyyu","detail":{"periodNo":4,"dueDate":"2025-07-26","alert_days":3}}
{"timestamp":"2025-07-24T04:22:47.333Z","action":"CREATE","contractId":16,"user":"copyyu","detail":{"contractNo":"002"}}
{"timestamp":"2025-07-24T04:23:04.372Z","action":"PERIOD_ADD","contractId":"16","user":"copyyu","detail":{"periodNo":1,"dueDate":"2025-07-25","alert_days":1}}
{"timestamp":"2025-07-24T04:23:19.453Z","action":"PERIOD_ADD","contractId":"16","user":"copyyu","detail":{"periodNo":2,"dueDate":"2025-07-26","alert_days":1}}
{"timestamp":"2025-07-24T04:35:51.246Z","action":"CREATE","contractId":17,"user":"copyyu","detail":{"contractNo":"003"}}
{"timestamp":"2025-07-24T04:36:36.407Z","action":"PERIOD_ADD","contractId":"17","user":"copyyu","detail":{"periodNo":1,"dueDate":"2025-07-26","alert_days":1}}
{"timestamp":"2025-07-24T07:13:43.867Z","action":"DELETE","contractId":"2","user":"copyyu","detail":{"contractNo":"ื6515"}}
{"timestamp":"2025-07-24T07:14:52.465Z","action":"CREATE","contractId":19,"user":"copyyu","detail":{"contractNo":"004"}}
{"timestamp":"2025-07-24T07:15:21.048Z","action":"PERIOD_ADD","contractId":"19","user":"copyyu","detail":{"periodNo":1,"dueDate":"2025-08-03","alert_days":1}}
{"timestamp":"2025-07-25T03:51:01.728Z","action":"PERIOD_ADD","contractId":"19","user":"copyyu","detail":{"periodNo":2,"dueDate":"2025-07-22","alert_days":2}}
{"timestamp":"2025-07-25T03:51:02.288Z","action":"PERIOD_ADD","contractId":"19","user":"copyyu","detail":{"periodNo":2,"dueDate":"2025-07-22","alert_days":2}}
{"timestamp":"2025-07-25T03:51:04.418Z","action":"PERIOD_ADD","contractId":"19","user":"copyyu","detail":{"periodNo":2,"dueDate":"2025-07-22","alert_days":2}}
{"timestamp":"2025-07-25T03:51:04.947Z","action":"PERIOD_ADD","contractId":"19","user":"copyyu","detail":{"periodNo":2,"dueDate":"2025-07-22","alert_days":2}}
{"timestamp":"2025-07-25T03:51:05.113Z","action":"PERIOD_ADD","contractId":"19","user":"copyyu","detail":{"periodNo":2,"dueDate":"2025-07-22","alert_days":2}}
{"timestamp":"2025-07-25T03:51:10.459Z","action":"PERIOD_DELETE","contractId":"32","user":"copyyu","detail":{}}
{"timestamp":"2025-07-25T03:51:16.213Z","action":"PERIOD_DELETE","contractId":"29","user":"copyyu","detail":{}}
{"timestamp":"2025-07-25T03:51:18.595Z","action":"PERIOD_DELETE","contractId":"30","user":"copyyu","detail":{}}
{"timestamp":"2025-07-25T03:51:20.888Z","action":"PERIOD_DELETE","contractId":"31","user":"copyyu","detail":{}}
{"timestamp":"2025-07-25T04:25:58.176Z","action":"CREATE","contractId":20,"user":"copyyu","detail":{"contractNo":"อไอไ"}}
{"timestamp":"2025-07-25T04:26:02.826Z","action":"DELETE","contractId":"20","user":"copyyu","detail":{"contractNo":"อไอไ"}}
{"timestamp":"2025-07-25T04:31:27.896Z","action":"CREATE","contractId":21,"user":"copyyu","detail":{"contractNo":"้ะภ้ถภ้"}}
{"timestamp":"2025-07-25T04:31:38.473Z","action":"DELETE","contractId":"21","user":"copyyu","detail":{"contractNo":"้ะภ้ถภ้"}}
{"timestamp":"2025-07-25T07:31:52.253Z","action":"PERIOD_ADD","contractId":"14","user":"copyyu01","detail":{"periodNo":4,"dueDate":"2025-07-26","alert_days":1}}
{"timestamp":"2025-07-25T07:31:53.087Z","action":"PERIOD_ADD","contractId":"14","user":"copyyu01","detail":{"periodNo":4,"dueDate":"2025-07-26","alert_days":1}}
{"timestamp":"2025-07-25T07:31:59.687Z","action":"PERIOD_DELETE","contractId":"34","user":"copyyu01","detail":{}}
{"timestamp":"2025-07-25T08:05:26.032Z","action":"PERIOD_ADD","contractId":"14","user":"copyyu01","detail":{"periodNo":5,"dueDate":"2025-07-26","alert_days":1}}
{"timestamp":"2025-07-25T08:34:03.208Z","action":"ALERT_PERIOD_DUE","contractId":"CS-26","user":"system","detail":{"count":2}}
{"timestamp":"2025-07-25T08:34:05.503Z","action":"ALERT_PERIOD_DUE","contractId":"002","user":"system","detail":{"count":1}}
{"timestamp":"2025-07-25T08:34:07.945Z","action":"ALERT_CONTRACT_EXPIRY","contractId":"002","user":"system","detail":{"daysLeft":6}}
{"timestamp":"2025-07-25T09:08:13.196Z","action":"UPLOAD","contractId":"14","user":"copyyu01","detail":{"files":["à¸à¹à¸à¹à¸à¹.pdf"]}}
{"timestamp":"2025-07-25T18:00:04.298Z","action":"ALERT_CONTRACT_EXPIRY","contractId":"002","user":"system","detail":{"daysLeft":5}}
{"timestamp":"2025-07-25T18:01:02.779Z","action":"ALERT_CONTRACT_EXPIRY","contractId":"002","user":"system","detail":{"daysLeft":5}}
{"timestamp":"2025-07-25T18:02:02.709Z","action":"ALERT_CONTRACT_EXPIRY","contractId":"002","user":"system","detail":{"daysLeft":5}}
{"timestamp":"2025-07-25T18:03:02.208Z","action":"ALERT_CONTRACT_EXPIRY","contractId":"002","user":"system","detail":{"daysLeft":5}}
{"timestamp":"2025-07-25T18:04:02.257Z","action":"ALERT_CONTRACT_EXPIRY","contractId":"002","user":"system","detail":{"daysLeft":5}}
{"timestamp":"2025-07-25T18:05:02.290Z","action":"ALERT_CONTRACT_EXPIRY","contractId":"002","user":"system","detail":{"daysLeft":5}}
{"timestamp":"2025-07-25T18:06:02.190Z","action":"ALERT_CONTRACT_EXPIRY","contractId":"002","user":"system","detail":{"daysLeft":5}}
{"timestamp":"2025-07-25T18:07:02.828Z","action":"ALERT_CONTRACT_EXPIRY","contractId":"002","user":"system","detail":{"daysLeft":5}}
{"timestamp":"2025-07-25T18:08:02.193Z","action":"ALERT_CONTRACT_EXPIRY","contractId":"002","user":"system","detail":{"daysLeft":5}}
{"timestamp":"2025-07-25T18:09:02.153Z","action":"ALERT_CONTRACT_EXPIRY","contractId":"002","user":"system","detail":{"daysLeft":5}}
{"timestamp":"2025-07-25T18:10:02.784Z","action":"ALERT_CONTRACT_EXPIRY","contractId":"002","user":"system","detail":{"daysLeft":5}}
{"timestamp":"2025-07-25T18:11:02.122Z","action":"ALERT_CONTRACT_EXPIRY","contractId":"002","user":"system","detail":{"daysLeft":5}}
{"timestamp":"2025-07-25T18:12:03.014Z","action":"ALERT_CONTRACT_EXPIRY","contractId":"002","user":"system","detail":{"daysLeft":5}}
{"timestamp":"2025-07-25T18:13:02.163Z","action":"ALERT_CONTRACT_EXPIRY","contractId":"002","user":"system","detail":{"daysLeft":5}}
{"timestamp":"2025-07-25T18:14:02.149Z","action":"ALERT_CONTRACT_EXPIRY","contractId":"002","user":"system","detail":{"daysLeft":5}}
{"timestamp":"2025-07-25T18:15:02.284Z","action":"ALERT_CONTRACT_EXPIRY","contractId":"002","user":"system","detail":{"daysLeft":5}}
{"timestamp":"2025-07-25T18:16:02.232Z","action":"ALERT_CONTRACT_EXPIRY","contractId":"002","user":"system","detail":{"daysLeft":5}}
{"timestamp":"2025-07-25T18:17:02.225Z","action":"ALERT_CONTRACT_EXPIRY","contractId":"002","user":"system","detail":{"daysLeft":5}}
{"timestamp":"2025-07-25T18:18:03.094Z","action":"ALERT_CONTRACT_EXPIRY","contractId":"002","user":"system","detail":{"daysLeft":5}}
{"timestamp":"2025-07-25T18:19:02.218Z","action":"ALERT_CONTRACT_EXPIRY","contractId":"002","user":"system","detail":{"daysLeft":5}}
{"timestamp":"2025-07-25T18:20:02.114Z","action":"ALERT_CONTRACT_EXPIRY","contractId":"002","user":"system","detail":{"daysLeft":5}}
{"timestamp":"2025-07-25T18:21:02.208Z","action":"ALERT_CONTRACT_EXPIRY","contractId":"002","user":"system","detail":{"daysLeft":5}}
{"timestamp":"2025-07-25T18:22:02.205Z","action":"ALERT_CONTRACT_EXPIRY","contractId":"002","user":"system","detail":{"daysLeft":5}}
{"timestamp":"2025-07-25T18:23:02.164Z","action":"ALERT_CONTRACT_EXPIRY","contractId":"002","user":"system","detail":{"daysLeft":5}}
{"timestamp":"2025-07-25T18:24:02.165Z","action":"ALERT_CONTRACT_EXPIRY","contractId":"002","user":"system","detail":{"daysLeft":5}}
{"timestamp":"2025-07-25T18:25:02.193Z","action":"ALERT_CONTRACT_EXPIRY","contractId":"002","user":"system","detail":{"daysLeft":5}}
{"timestamp":"2025-07-25T18:26:02.137Z","action":"ALERT_CONTRACT_EXPIRY","contractId":"002","user":"system","detail":{"daysLeft":5}}
{"timestamp":"2025-07-25T18:27:03.153Z","action":"ALERT_CONTRACT_EXPIRY","contractId":"002","user":"system","detail":{"daysLeft":5}}
{"timestamp":"2025-07-25T18:28:02.753Z","action":"ALERT_CONTRACT_EXPIRY","contractId":"002","user":"system","detail":{"daysLeft":5}}
{"timestamp":"2025-07-25T18:29:02.161Z","action":"ALERT_CONTRACT_EXPIRY","contractId":"002","user":"system","detail":{"daysLeft":5}}
{"timestamp":"2025-07-25T18:30:02.090Z","action":"ALERT_CONTRACT_EXPIRY","contractId":"002","user":"system","detail":{"daysLeft":5}}
{"timestamp":"2025-07-25T18:31:02.403Z","action":"ALERT_CONTRACT_EXPIRY","contractId":"002","user":"system","detail":{"daysLeft":5}}
{"timestamp":"2025-07-25T18:32:02.766Z","action":"ALERT_CONTRACT_EXPIRY","contractId":"002","user":"system","detail":{"daysLeft":5}}
{"timestamp":"2025-07-25T18:33:02.086Z","action":"ALERT_CONTRACT_EXPIRY","contractId":"002","user":"system","detail":{"daysLeft":5}}
{"timestamp":"2025-07-25T18:34:02.306Z","action":"ALERT_CONTRACT_EXPIRY","contractId":"002","user":"system","detail":{"daysLeft":5}}
{"timestamp":"2025-07-25T18:35:02.175Z","action":"ALERT_CONTRACT_EXPIRY","contractId":"002","user":"system","detail":{"daysLeft":5}}
{"timestamp":"2025-07-25T18:36:02.116Z","action":"ALERT_CONTRACT_EXPIRY","contractId":"002","user":"system","detail":{"daysLeft":5}}
{"timestamp":"2025-07-25T18:37:02.119Z","action":"ALERT_CONTRACT_EXPIRY","contractId":"002","user":"system","detail":{"daysLeft":5}}
{"timestamp":"2025-07-25T18:38:02.220Z","action":"ALERT_CONTRACT_EXPIRY","contractId":"002","user":"system","detail":{"daysLeft":5}}
{"timestamp":"2025-07-25T18:39:02.693Z","action":"ALERT_CONTRACT_EXPIRY","contractId":"002","user":"system","detail":{"daysLeft":5}}
{"timestamp":"2025-07-25T18:40:02.182Z","action":"ALERT_CONTRACT_EXPIRY","contractId":"002","user":"system","detail":{"daysLeft":5}}
{"timestamp":"2025-07-25T18:41:02.176Z","action":"ALERT_CONTRACT_EXPIRY","contractId":"002","user":"system","detail":{"daysLeft":5}}
{"timestamp":"2025-07-25T18:42:02.010Z","action":"ALERT_CONTRACT_EXPIRY","contractId":"002","user":"system","detail":{"daysLeft":5}}
{"timestamp":"2025-07-25T18:43:02.982Z","action":"ALERT_CONTRACT_EXPIRY","contractId":"002","user":"system","detail":{"daysLeft":5}}
{"timestamp":"2025-07-25T18:44:02.784Z","action":"ALERT_CONTRACT_EXPIRY","contractId":"002","user":"system","detail":{"daysLeft":5}}
{"timestamp":"2025-07-25T18:45:02.141Z","action":"ALERT_CONTRACT_EXPIRY","contractId":"002","user":"system","detail":{"daysLeft":5}}
{"timestamp":"2025-07-25T18:46:02.751Z","action":"ALERT_CONTRACT_EXPIRY","contractId":"002","user":"system","detail":{"daysLeft":5}}
{"timestamp":"2025-07-25T18:47:02.265Z","action":"ALERT_CONTRACT_EXPIRY","contractId":"002","user":"system","detail":{"daysLeft":5}}
{"timestamp":"2025-07-25T18:48:02.118Z","action":"ALERT_CONTRACT_EXPIRY","contractId":"002","user":"system","detail":{"daysLeft":5}}
{"timestamp":"2025-07-25T18:49:02.830Z","action":"ALERT_CONTRACT_EXPIRY","contractId":"002","user":"system","detail":{"daysLeft":5}}
{"timestamp":"2025-07-25T18:50:02.051Z","action":"ALERT_CONTRACT_EXPIRY","contractId":"002","user":"system","detail":{"daysLeft":5}}
{"timestamp":"2025-07-25T18:51:02.186Z","action":"ALERT_CONTRACT_EXPIRY","contractId":"002","user":"system","detail":{"daysLeft":5}}
{"timestamp":"2025-07-25T18:52:02.210Z","action":"ALERT_CONTRACT_EXPIRY","contractId":"002","user":"system","detail":{"daysLeft":5}}
{"timestamp":"2025-07-25T18:53:02.283Z","action":"ALERT_CONTRACT_EXPIRY","contractId":"002","user":"system","detail":{"daysLeft":5}}
{"timestamp":"2025-07-25T18:54:02.221Z","action":"ALERT_CONTRACT_EXPIRY","contractId":"002","user":"system","detail":{"daysLeft":5}}
{"timestamp":"2025-07-25T18:55:02.120Z","action":"ALERT_CONTRACT_EXPIRY","contractId":"002","user":"system","detail":{"daysLeft":5}}
{"timestamp":"2025-07-25T18:56:02.203Z","action":"ALERT_CONTRACT_EXPIRY","contractId":"002","user":"system","detail":{"daysLeft":5}}
{"timestamp":"2025-07-25T18:57:02.232Z","action":"ALERT_CONTRACT_EXPIRY","contractId":"002","user":"system","detail":{"daysLeft":5}}
{"timestamp":"2025-07-25T18:58:02.185Z","action":"ALERT_CONTRACT_EXPIRY","contractId":"002","user":"system","detail":{"daysLeft":5}}
{"timestamp":"2025-07-25T18:59:02.140Z","action":"ALERT_CONTRACT_EXPIRY","contractId":"002","user":"system","detail":{"daysLeft":5}}
{"timestamp":"2025-07-26T18:01:04.317Z","action":"ALERT_CONTRACT_EXPIRY","contractId":"002","user":"system","detail":{"daysLeft":4}}
{"timestamp":"2025-07-26T18:02:02.347Z","action":"ALERT_CONTRACT_EXPIRY","contractId":"002","user":"system","detail":{"daysLeft":4}}
{"timestamp":"2025-07-26T18:03:02.551Z","action":"ALERT_CONTRACT_EXPIRY","contractId":"002","user":"system","detail":{"daysLeft":4}}
{"timestamp":"2025-07-26T18:04:02.902Z","action":"ALERT_CONTRACT_EXPIRY","contractId":"002","user":"system","detail":{"daysLeft":4}}
{"timestamp":"2025-07-26T18:05:02.785Z","action":"ALERT_CONTRACT_EXPIRY","contractId":"002","user":"system","detail":{"daysLeft":4}}
{"timestamp":"2025-07-26T18:06:02.882Z","action":"ALERT_CONTRACT_EXPIRY","contractId":"002","user":"system","detail":{"daysLeft":4}}
{"timestamp":"2025-07-26T18:07:02.922Z","action":"ALERT_CONTRACT_EXPIRY","contractId":"002","user":"system","detail":{"daysLeft":4}}
{"timestamp":"2025-07-26T18:08:02.656Z","action":"ALERT_CONTRACT_EXPIRY","contractId":"002","user":"system","detail":{"daysLeft":4}}
{"timestamp":"2025-07-26T18:09:02.985Z","action":"ALERT_CONTRACT_EXPIRY","contractId":"002","user":"system","detail":{"daysLeft":4}}
{"timestamp":"2025-07-26T18:10:02.157Z","action":"ALERT_CONTRACT_EXPIRY","contractId":"002","user":"system","detail":{"daysLeft":4}}
{"timestamp":"2025-07-26T18:11:02.904Z","action":"ALERT_CONTRACT_EXPIRY","contractId":"002","user":"system","detail":{"daysLeft":4}}
{"timestamp":"2025-07-26T18:12:02.320Z","action":"ALERT_CONTRACT_EXPIRY","contractId":"002","user":"system","detail":{"daysLeft":4}}
{"timestamp":"2025-07-26T18:13:02.743Z","action":"ALERT_CONTRACT_EXPIRY","contractId":"002","user":"system","detail":{"daysLeft":4}}
{"timestamp":"2025-07-26T18:14:02.296Z","action":"ALERT_CONTRACT_EXPIRY","contractId":"002","user":"system","detail":{"daysLeft":4}}
{"timestamp":"2025-07-26T18:15:02.193Z","action":"ALERT_CONTRACT_EXPIRY","contractId":"002","user":"system","detail":{"daysLeft":4}}
{"timestamp":"2025-07-26T18:16:02.247Z","action":"ALERT_CONTRACT_EXPIRY","contractId":"002","user":"system","detail":{"daysLeft":4}}
{"timestamp":"2025-07-26T18:17:02.218Z","action":"ALERT_CONTRACT_EXPIRY","contractId":"002","user":"system","detail":{"daysLeft":4}}
{"timestamp":"2025-07-26T18:18:02.330Z","action":"ALERT_CONTRACT_EXPIRY","contractId":"002","user":"system","detail":{"daysLeft":4}}
{"timestamp":"2025-07-26T18:19:02.084Z","action":"ALERT_CONTRACT_EXPIRY","contractId":"002","user":"system","detail":{"daysLeft":4}}
{"timestamp":"2025-07-26T18:20:02.231Z","action":"ALERT_CONTRACT_EXPIRY","contractId":"002","user":"system","detail":{"daysLeft":4}}
{"timestamp":"2025-07-26T18:21:02.275Z","action":"ALERT_CONTRACT_EXPIRY","contractId":"002","user":"system","detail":{"daysLeft":4}}
{"timestamp":"2025-07-26T18:22:02.868Z","action":"ALERT_CONTRACT_EXPIRY","contractId":"002","user":"system","detail":{"daysLeft":4}}
{"timestamp":"2025-07-26T18:23:02.255Z","action":"ALERT_CONTRACT_EXPIRY","contractId":"002","user":"system","detail":{"daysLeft":4}}
{"timestamp":"2025-07-26T18:24:02.120Z","action":"ALERT_CONTRACT_EXPIRY","contractId":"002","user":"system","detail":{"daysLeft":4}}
{"timestamp":"2025-07-26T18:25:02.285Z","action":"ALERT_CONTRACT_EXPIRY","contractId":"002","user":"system","detail":{"daysLeft":4}}
{"timestamp":"2025-07-26T18:26:02.172Z","action":"ALERT_CONTRACT_EXPIRY","contractId":"002","user":"system","detail":{"daysLeft":4}}
{"timestamp":"2025-07-26T18:27:02.135Z","action":"ALERT_CONTRACT_EXPIRY","contractId":"002","user":"system","detail":{"daysLeft":4}}
{"timestamp":"2025-07-26T18:28:02.286Z","action":"ALERT_CONTRACT_EXPIRY","contractId":"002","user":"system","detail":{"daysLeft":4}}
{"timestamp":"2025-07-26T18:29:02.251Z","action":"ALERT_CONTRACT_EXPIRY","contractId":"002","user":"system","detail":{"daysLeft":4}}
{"timestamp":"2025-07-26T18:30:02.228Z","action":"ALERT_CONTRACT_EXPIRY","contractId":"002","user":"system","detail":{"daysLeft":4}}
{"timestamp":"2025-07-26T18:31:02.263Z","action":"ALERT_CONTRACT_EXPIRY","contractId":"002","user":"system","detail":{"daysLeft":4}}
{"timestamp":"2025-07-26T18:32:02.429Z","action":"ALERT_CONTRACT_EXPIRY","contractId":"002","user":"system","detail":{"daysLeft":4}}
{"timestamp":"2025-07-26T18:33:02.437Z","action":"ALERT_CONTRACT_EXPIRY","contractId":"002","user":"system","detail":{"daysLeft":4}}
{"timestamp":"2025-07-26T18:34:02.306Z","action":"ALERT_CONTRACT_EXPIRY","contractId":"002","user":"system","detail":{"daysLeft":4}}
{"timestamp":"2025-07-26T18:35:02.274Z","action":"ALERT_CONTRACT_EXPIRY","contractId":"002","user":"system","detail":{"daysLeft":4}}
{"timestamp":"2025-07-26T18:36:02.646Z","action":"ALERT_CONTRACT_EXPIRY","contractId":"002","user":"system","detail":{"daysLeft":4}}
{"timestamp":"2025-07-26T18:37:02.987Z","action":"ALERT_CONTRACT_EXPIRY","contractId":"002","user":"system","detail":{"daysLeft":4}}
{"timestamp":"2025-07-26T18:38:02.810Z","action":"ALERT_CONTRACT_EXPIRY","contractId":"002","user":"system","detail":{"daysLeft":4}}
{"timestamp":"2025-07-26T18:39:03.081Z","action":"ALERT_CONTRACT_EXPIRY","contractId":"002","user":"system","detail":{"daysLeft":4}}
{"timestamp":"2025-07-26T18:40:02.285Z","action":"ALERT_CONTRACT_EXPIRY","contractId":"002","user":"system","detail":{"daysLeft":4}}
{"timestamp":"2025-07-26T18:41:02.543Z","action":"ALERT_CONTRACT_EXPIRY","contractId":"002","user":"system","detail":{"daysLeft":4}}
{"timestamp":"2025-07-26T18:42:02.085Z","action":"ALERT_CONTRACT_EXPIRY","contractId":"002","user":"system","detail":{"daysLeft":4}}
{"timestamp":"2025-07-26T18:43:02.113Z","action":"ALERT_CONTRACT_EXPIRY","contractId":"002","user":"system","detail":{"daysLeft":4}}
{"timestamp":"2025-07-26T18:44:02.099Z","action":"ALERT_CONTRACT_EXPIRY","contractId":"002","user":"system","detail":{"daysLeft":4}}
{"timestamp":"2025-07-26T18:45:02.428Z","action":"ALERT_CONTRACT_EXPIRY","contractId":"002","user":"system","detail":{"daysLeft":4}}
{"timestamp":"2025-07-26T18:46:02.165Z","action":"ALERT_CONTRACT_EXPIRY","contractId":"002","user":"system","detail":{"daysLeft":4}}
{"timestamp":"2025-07-26T18:47:02.251Z","action":"ALERT_CONTRACT_EXPIRY","contractId":"002","user":"system","detail":{"daysLeft":4}}
{"timestamp":"2025-07-26T18:48:02.895Z","action":"ALERT_CONTRACT_EXPIRY","contractId":"002","user":"system","detail":{"daysLeft":4}}
{"timestamp":"2025-07-26T18:49:02.357Z","action":"ALERT_CONTRACT_EXPIRY","contractId":"002","user":"system","detail":{"daysLeft":4}}
{"timestamp":"2025-07-26T18:50:02.125Z","action":"ALERT_CONTRACT_EXPIRY","contractId":"002","user":"system","detail":{"daysLeft":4}}
{"timestamp":"2025-07-26T18:51:03.034Z","action":"ALERT_CONTRACT_EXPIRY","contractId":"002","user":"system","detail":{"daysLeft":4}}
{"timestamp":"2025-07-26T18:52:02.189Z","action":"ALERT_CONTRACT_EXPIRY","contractId":"002","user":"system","detail":{"daysLeft":4}}
{"timestamp":"2025-07-26T18:53:02.057Z","action":"ALERT_CONTRACT_EXPIRY","contractId":"002","user":"system","detail":{"daysLeft":4}}
{"timestamp":"2025-07-26T18:54:03.078Z","action":"ALERT_CONTRACT_EXPIRY","contractId":"002","user":"system","detail":{"daysLeft":4}}
{"timestamp":"2025-07-26T18:55:02.318Z","action":"ALERT_CONTRACT_EXPIRY","contractId":"002","user":"system","detail":{"daysLeft":4}}
{"timestamp":"2025-07-26T18:56:02.188Z","action":"ALERT_CONTRACT_EXPIRY","contractId":"002","user":"system","detail":{"daysLeft":4}}
{"timestamp":"2025-07-26T18:57:02.276Z","action":"ALERT_CONTRACT_EXPIRY","contractId":"002","user":"system","detail":{"daysLeft":4}}
{"timestamp":"2025-07-26T18:58:02.378Z","action":"ALERT_CONTRACT_EXPIRY","contractId":"002","user":"system","detail":{"daysLeft":4}}
{"timestamp":"2025-07-26T18:59:02.206Z","action":"ALERT_CONTRACT_EXPIRY","contractId":"002","user":"system","detail":{"daysLeft":4}}
{"timestamp":"2025-07-27T18:01:03.086Z","action":"ALERT_CONTRACT_EXPIRY","contractId":"002","user":"system","detail":{"daysLeft":3}}
{"timestamp":"2025-07-27T18:02:02.413Z","action":"ALERT_CONTRACT_EXPIRY","contractId":"002","user":"system","detail":{"daysLeft":3}}
{"timestamp":"2025-07-27T18:03:02.188Z","action":"ALERT_CONTRACT_EXPIRY","contractId":"002","user":"system","detail":{"daysLeft":3}}
{"timestamp":"2025-07-27T18:04:02.792Z","action":"ALERT_CONTRACT_EXPIRY","contractId":"002","user":"system","detail":{"daysLeft":3}}
{"timestamp":"2025-07-27T18:05:02.901Z","action":"ALERT_CONTRACT_EXPIRY","contractId":"002","user":"system","detail":{"daysLeft":3}}
{"timestamp":"2025-07-27T18:06:02.172Z","action":"ALERT_CONTRACT_EXPIRY","contractId":"002","user":"system","detail":{"daysLeft":3}}
{"timestamp":"2025-07-27T18:07:02.291Z","action":"ALERT_CONTRACT_EXPIRY","contractId":"002","user":"system","detail":{"daysLeft":3}}
{"timestamp":"2025-07-27T18:08:02.162Z","action":"ALERT_CONTRACT_EXPIRY","contractId":"002","user":"system","detail":{"daysLeft":3}}
{"timestamp":"2025-07-27T18:09:02.256Z","action":"ALERT_CONTRACT_EXPIRY","contractId":"002","user":"system","detail":{"daysLeft":3}}
{"timestamp":"2025-07-27T18:10:02.170Z","action":"ALERT_CONTRACT_EXPIRY","contractId":"002","user":"system","detail":{"daysLeft":3}}
{"timestamp":"2025-07-27T18:11:02.907Z","action":"ALERT_CONTRACT_EXPIRY","contractId":"002","user":"system","detail":{"daysLeft":3}}
{"timestamp":"2025-07-27T18:12:02.260Z","action":"ALERT_CONTRACT_EXPIRY","contractId":"002","user":"system","detail":{"daysLeft":3}}
{"timestamp":"2025-07-27T18:13:02.232Z","action":"ALERT_CONTRACT_EXPIRY","contractId":"002","user":"system","detail":{"daysLeft":3}}
{"timestamp":"2025-07-27T18:14:02.200Z","action":"ALERT_CONTRACT_EXPIRY","contractId":"002","user":"system","detail":{"daysLeft":3}}
{"timestamp":"2025-07-27T18:15:02.388Z","action":"ALERT_CONTRACT_EXPIRY","contractId":"002","user":"system","detail":{"daysLeft":3}}
{"timestamp":"2025-07-27T18:16:02.173Z","action":"ALERT_CONTRACT_EXPIRY","contractId":"002","user":"system","detail":{"daysLeft":3}}
{"timestamp":"2025-07-27T18:17:02.190Z","action":"ALERT_CONTRACT_EXPIRY","contractId":"002","user":"system","detail":{"daysLeft":3}}
{"timestamp":"2025-07-27T18:18:02.244Z","action":"ALERT_CONTRACT_EXPIRY","contractId":"002","user":"system","detail":{"daysLeft":3}}
{"timestamp":"2025-07-27T18:19:02.264Z","action":"ALERT_CONTRACT_EXPIRY","contractId":"002","user":"system","detail":{"daysLeft":3}}
{"timestamp":"2025-07-27T18:20:02.140Z","action":"ALERT_CONTRACT_EXPIRY","contractId":"002","user":"system","detail":{"daysLeft":3}}
{"timestamp":"2025-07-27T18:21:02.222Z","action":"ALERT_CONTRACT_EXPIRY","contractId":"002","user":"system","detail":{"daysLeft":3}}
{"timestamp":"2025-07-27T18:22:02.829Z","action":"ALERT_CONTRACT_EXPIRY","contractId":"002","user":"system","detail":{"daysLeft":3}}
{"timestamp":"2025-07-27T18:23:02.309Z","action":"ALERT_CONTRACT_EXPIRY","contractId":"002","user":"system","detail":{"daysLeft":3}}
{"timestamp":"2025-07-27T18:24:02.199Z","action":"ALERT_CONTRACT_EXPIRY","contractId":"002","user":"system","detail":{"daysLeft":3}}
{"timestamp":"2025-07-27T18:25:02.257Z","action":"ALERT_CONTRACT_EXPIRY","contractId":"002","user":"system","detail":{"daysLeft":3}}
{"timestamp":"2025-07-27T18:26:02.217Z","action":"ALERT_CONTRACT_EXPIRY","contractId":"002","user":"system","detail":{"daysLeft":3}}
{"timestamp":"2025-07-27T18:27:02.175Z","action":"ALERT_CONTRACT_EXPIRY","contractId":"002","user":"system","detail":{"daysLeft":3}}
{"timestamp":"2025-07-27T18:28:02.144Z","action":"ALERT_CONTRACT_EXPIRY","contractId":"002","user":"system","detail":{"daysLeft":3}}
{"timestamp":"2025-07-27T18:29:02.367Z","action":"ALERT_CONTRACT_EXPIRY","contractId":"002","user":"system","detail":{"daysLeft":3}}
{"timestamp":"2025-07-27T18:30:02.180Z","action":"ALERT_CONTRACT_EXPIRY","contractId":"002","user":"system","detail":{"daysLeft":3}}
{"timestamp":"2025-07-27T18:31:02.380Z","action":"ALERT_CONTRACT_EXPIRY","contractId":"002","user":"system","detail":{"daysLeft":3}}
{"timestamp":"2025-07-27T18:32:02.204Z","action":"ALERT_CONTRACT_EXPIRY","contractId":"002","user":"system","detail":{"daysLeft":3}}
{"timestamp":"2025-07-27T18:33:03.105Z","action":"ALERT_CONTRACT_EXPIRY","contractId":"002","user":"system","detail":{"daysLeft":3}}
{"timestamp":"2025-07-27T18:34:02.173Z","action":"ALERT_CONTRACT_EXPIRY","contractId":"002","user":"system","detail":{"daysLeft":3}}
{"timestamp":"2025-07-27T18:35:02.987Z","action":"ALERT_CONTRACT_EXPIRY","contractId":"002","user":"system","detail":{"daysLeft":3}}
{"timestamp":"2025-07-27T18:36:02.243Z","action":"ALERT_CONTRACT_EXPIRY","contractId":"002","user":"system","detail":{"daysLeft":3}}
{"timestamp":"2025-07-27T18:37:02.147Z","action":"ALERT_CONTRACT_EXPIRY","contractId":"002","user":"system","detail":{"daysLeft":3}}
{"timestamp":"2025-07-27T18:38:02.204Z","action":"ALERT_CONTRACT_EXPIRY","contractId":"002","user":"system","detail":{"daysLeft":3}}
{"timestamp":"2025-07-27T18:39:02.594Z","action":"ALERT_CONTRACT_EXPIRY","contractId":"002","user":"system","detail":{"daysLeft":3}}
{"timestamp":"2025-07-27T18:40:02.795Z","action":"ALERT_CONTRACT_EXPIRY","contractId":"002","user":"system","detail":{"daysLeft":3}}
{"timestamp":"2025-07-27T18:41:02.254Z","action":"ALERT_CONTRACT_EXPIRY","contractId":"002","user":"system","detail":{"daysLeft":3}}
{"timestamp":"2025-07-27T18:42:02.244Z","action":"ALERT_CONTRACT_EXPIRY","contractId":"002","user":"system","detail":{"daysLeft":3}}
{"timestamp":"2025-07-27T18:43:02.237Z","action":"ALERT_CONTRACT_EXPIRY","contractId":"002","user":"system","detail":{"daysLeft":3}}
{"timestamp":"2025-07-27T18:44:02.818Z","action":"ALERT_CONTRACT_EXPIRY","contractId":"002","user":"system","detail":{"daysLeft":3}}
{"timestamp":"2025-07-27T18:45:02.164Z","action":"ALERT_CONTRACT_EXPIRY","contractId":"002","user":"system","detail":{"daysLeft":3}}
{"timestamp":"2025-07-27T18:46:02.178Z","action":"ALERT_CONTRACT_EXPIRY","contractId":"002","user":"system","detail":{"daysLeft":3}}
{"timestamp":"2025-07-27T18:47:02.207Z","action":"ALERT_CONTRACT_EXPIRY","contractId":"002","user":"system","detail":{"daysLeft":3}}
{"timestamp":"2025-07-27T18:48:02.632Z","action":"ALERT_CONTRACT_EXPIRY","contractId":"002","user":"system","detail":{"daysLeft":3}}
{"timestamp":"2025-07-27T18:49:02.946Z","action":"ALERT_CONTRACT_EXPIRY","contractId":"002","user":"system","detail":{"daysLeft":3}}
{"timestamp":"2025-07-27T18:50:03.040Z","action":"ALERT_CONTRACT_EXPIRY","contractId":"002","user":"system","detail":{"daysLeft":3}}
{"timestamp":"2025-07-27T18:51:02.188Z","action":"ALERT_CONTRACT_EXPIRY","contractId":"002","user":"system","detail":{"daysLeft":3}}
{"timestamp":"2025-07-27T18:52:02.224Z","action":"ALERT_CONTRACT_EXPIRY","contractId":"002","user":"system","detail":{"daysLeft":3}}
{"timestamp":"2025-07-27T18:53:02.137Z","action":"ALERT_CONTRACT_EXPIRY","contractId":"002","user":"system","detail":{"daysLeft":3}}
{"timestamp":"2025-07-27T18:54:02.154Z","action":"ALERT_CONTRACT_EXPIRY","contractId":"002","user":"system","detail":{"daysLeft":3}}
{"timestamp":"2025-07-27T18:55:02.940Z","action":"ALERT_CONTRACT_EXPIRY","contractId":"002","user":"system","detail":{"daysLeft":3}}
{"timestamp":"2025-07-27T18:56:02.289Z","action":"ALERT_CONTRACT_EXPIRY","contractId":"002","user":"system","detail":{"daysLeft":3}}
{"timestamp":"2025-07-27T18:57:02.148Z","action":"ALERT_CONTRACT_EXPIRY","contractId":"002","user":"system","detail":{"daysLeft":3}}
{"timestamp":"2025-07-27T18:58:02.971Z","action":"ALERT_CONTRACT_EXPIRY","contractId":"002","user":"system","detail":{"daysLeft":3}}
{"timestamp":"2025-07-27T18:59:02.210Z","action":"ALERT_CONTRACT_EXPIRY","contractId":"002","user":"system","detail":{"daysLeft":3}}
{"timestamp":"2025-07-28T18:01:03.737Z","action":"ALERT_CONTRACT_EXPIRY","contractId":"002","user":"system","detail":{"daysLeft":2}}
{"timestamp":"2025-07-28T18:02:02.540Z","action":"ALERT_CONTRACT_EXPIRY","contractId":"002","user":"system","detail":{"daysLeft":2}}
{"timestamp":"2025-07-28T18:03:02.860Z","action":"ALERT_CONTRACT_EXPIRY","contractId":"002","user":"system","detail":{"daysLeft":2}}
{"timestamp":"2025-07-28T18:04:02.149Z","action":"ALERT_CONTRACT_EXPIRY","contractId":"002","user":"system","detail":{"daysLeft":2}}
{"timestamp":"2025-07-28T18:05:02.173Z","action":"ALERT_CONTRACT_EXPIRY","contractId":"002","user":"system","detail":{"daysLeft":2}}
{"timestamp":"2025-07-28T18:06:02.159Z","action":"ALERT_CONTRACT_EXPIRY","contractId":"002","user":"system","detail":{"daysLeft":2}}
{"timestamp":"2025-07-28T18:07:02.167Z","action":"ALERT_CONTRACT_EXPIRY","contractId":"002","user":"system","detail":{"daysLeft":2}}
{"timestamp":"2025-07-28T18:08:02.254Z","action":"ALERT_CONTRACT_EXPIRY","contractId":"002","user":"system","detail":{"daysLeft":2}}
{"timestamp":"2025-07-28T18:09:02.222Z","action":"ALERT_CONTRACT_EXPIRY","contractId":"002","user":"system","detail":{"daysLeft":2}}
{"timestamp":"2025-07-28T18:10:02.209Z","action":"ALERT_CONTRACT_EXPIRY","contractId":"002","user":"system","detail":{"daysLeft":2}}
{"timestamp":"2025-07-28T18:11:02.239Z","action":"ALERT_CONTRACT_EXPIRY","contractId":"002","user":"system","detail":{"daysLeft":2}}
{"timestamp":"2025-07-28T18:12:02.176Z","action":"ALERT_CONTRACT_EXPIRY","contractId":"002","user":"system","detail":{"daysLeft":2}}
{"timestamp":"2025-07-28T18:13:02.830Z","action":"ALERT_CONTRACT_EXPIRY","contractId":"002","user":"system","detail":{"daysLeft":2}}
{"timestamp":"2025-07-28T18:14:02.222Z","action":"ALERT_CONTRACT_EXPIRY","contractId":"002","user":"system","detail":{"daysLeft":2}}
{"timestamp":"2025-07-28T18:15:02.865Z","action":"ALERT_CONTRACT_EXPIRY","contractId":"002","user":"system","detail":{"daysLeft":2}}
{"timestamp":"2025-07-28T18:16:02.178Z","action":"ALERT_CONTRACT_EXPIRY","contractId":"002","user":"system","detail":{"daysLeft":2}}
{"timestamp":"2025-07-28T18:17:02.079Z","action":"ALERT_CONTRACT_EXPIRY","contractId":"002","user":"system","detail":{"daysLeft":2}}
{"timestamp":"2025-07-28T18:18:02.194Z","action":"ALERT_CONTRACT_EXPIRY","contractId":"002","user":"system","detail":{"daysLeft":2}}
{"timestamp":"2025-07-28T18:19:02.341Z","action":"ALERT_CONTRACT_EXPIRY","contractId":"002","user":"system","detail":{"daysLeft":2}}
{"timestamp":"2025-07-28T18:20:02.801Z","action":"ALERT_CONTRACT_EXPIRY","contractId":"002","user":"system","detail":{"daysLeft":2}}
{"timestamp":"2025-07-28T18:21:02.927Z","action":"ALERT_CONTRACT_EXPIRY","contractId":"002","user":"system","detail":{"daysLeft":2}}
{"timestamp":"2025-07-28T18:22:02.210Z","action":"ALERT_CONTRACT_EXPIRY","contractId":"002","user":"system","detail":{"daysLeft":2}}
{"timestamp":"2025-07-28T18:23:02.905Z","action":"ALERT_CONTRACT_EXPIRY","contractId":"002","user":"system","detail":{"daysLeft":2}}
{"timestamp":"2025-07-28T18:24:02.168Z","action":"ALERT_CONTRACT_EXPIRY","contractId":"002","user":"system","detail":{"daysLeft":2}}
{"timestamp":"2025-07-28T18:25:02.778Z","action":"ALERT_CONTRACT_EXPIRY","contractId":"002","user":"system","detail":{"daysLeft":2}}
{"timestamp":"2025-07-28T18:26:02.118Z","action":"ALERT_CONTRACT_EXPIRY","contractId":"002","user":"system","detail":{"daysLeft":2}}
{"timestamp":"2025-07-28T18:27:02.228Z","action":"ALERT_CONTRACT_EXPIRY","contractId":"002","user":"system","detail":{"daysLeft":2}}
{"timestamp":"2025-07-28T18:28:02.261Z","action":"ALERT_CONTRACT_EXPIRY","contractId":"002","user":"system","detail":{"daysLeft":2}}
{"timestamp":"2025-07-28T18:29:02.479Z","action":"ALERT_CONTRACT_EXPIRY","contractId":"002","user":"system","detail":{"daysLeft":2}}
{"timestamp":"2025-07-28T18:30:02.278Z","action":"ALERT_CONTRACT_EXPIRY","contractId":"002","user":"system","detail":{"daysLeft":2}}
{"timestamp":"2025-07-28T18:31:02.384Z","action":"ALERT_CONTRACT_EXPIRY","contractId":"002","user":"system","detail":{"daysLeft":2}}
{"timestamp":"2025-07-28T18:32:02.447Z","action":"ALERT_CONTRACT_EXPIRY","contractId":"002","user":"system","detail":{"daysLeft":2}}
{"timestamp":"2025-07-28T18:33:02.387Z","action":"ALERT_CONTRACT_EXPIRY","contractId":"002","user":"system","detail":{"daysLeft":2}}
{"timestamp":"2025-07-28T18:34:02.205Z","action":"ALERT_CONTRACT_EXPIRY","contractId":"002","user":"system","detail":{"daysLeft":2}}
{"timestamp":"2025-07-28T18:35:03.090Z","action":"ALERT_CONTRACT_EXPIRY","contractId":"002","user":"system","detail":{"daysLeft":2}}
{"timestamp":"2025-07-28T18:36:02.099Z","action":"ALERT_CONTRACT_EXPIRY","contractId":"002","user":"system","detail":{"daysLeft":2}}
{"timestamp":"2025-07-28T18:37:02.935Z","action":"ALERT_CONTRACT_EXPIRY","contractId":"002","user":"system","detail":{"daysLeft":2}}
{"timestamp":"2025-07-28T18:38:02.162Z","action":"ALERT_CONTRACT_EXPIRY","contractId":"002","user":"system","detail":{"daysLeft":2}}
{"timestamp":"2025-07-28T18:39:02.184Z","action":"ALERT_CONTRACT_EXPIRY","contractId":"002","user":"system","detail":{"daysLeft":2}}
{"timestamp":"2025-07-28T18:40:02.227Z","action":"ALERT_CONTRACT_EXPIRY","contractId":"002","user":"system","detail":{"daysLeft":2}}
{"timestamp":"2025-07-28T18:41:02.109Z","action":"ALERT_CONTRACT_EXPIRY","contractId":"002","user":"system","detail":{"daysLeft":2}}
{"timestamp":"2025-07-28T18:42:02.223Z","action":"ALERT_CONTRACT_EXPIRY","contractId":"002","user":"system","detail":{"daysLeft":2}}
{"timestamp":"2025-07-28T18:43:02.349Z","action":"ALERT_CONTRACT_EXPIRY","contractId":"002","user":"system","detail":{"daysLeft":2}}
{"timestamp":"2025-07-28T18:44:02.190Z","action":"ALERT_CONTRACT_EXPIRY","contractId":"002","user":"system","detail":{"daysLeft":2}}
{"timestamp":"2025-07-28T18:45:02.359Z","action":"ALERT_CONTRACT_EXPIRY","contractId":"002","user":"system","detail":{"daysLeft":2}}
{"timestamp":"2025-07-28T18:46:02.770Z","action":"ALERT_CONTRACT_EXPIRY","contractId":"002","user":"system","detail":{"daysLeft":2}}
{"timestamp":"2025-07-28T18:47:02.431Z","action":"ALERT_CONTRACT_EXPIRY","contractId":"002","user":"system","detail":{"daysLeft":2}}
{"timestamp":"2025-07-28T18:48:02.881Z","action":"ALERT_CONTRACT_EXPIRY","contractId":"002","user":"system","detail":{"daysLeft":2}}
{"timestamp":"2025-07-28T18:49:02.788Z","action":"ALERT_CONTRACT_EXPIRY","contractId":"002","user":"system","detail":{"daysLeft":2}}
{"timestamp":"2025-07-28T18:50:03.176Z","action":"ALERT_CONTRACT_EXPIRY","contractId":"002","user":"system","detail":{"daysLeft":2}}
{"timestamp":"2025-07-28T18:51:02.814Z","action":"ALERT_CONTRACT_EXPIRY","contractId":"002","user":"system","detail":{"daysLeft":2}}
{"timestamp":"2025-07-28T18:52:02.799Z","action":"ALERT_CONTRACT_EXPIRY","contractId":"002","user":"system","detail":{"daysLeft":2}}
{"timestamp":"2025-07-28T18:53:02.771Z","action":"ALERT_CONTRACT_EXPIRY","contractId":"002","user":"system","detail":{"daysLeft":2}}
{"timestamp":"2025-07-28T18:54:02.275Z","action":"ALERT_CONTRACT_EXPIRY","contractId":"002","user":"system","detail":{"daysLeft":2}}
{"timestamp":"2025-07-28T18:55:02.326Z","action":"ALERT_CONTRACT_EXPIRY","contractId":"002","user":"system","detail":{"daysLeft":2}}
{"timestamp":"2025-07-28T18:56:02.151Z","action":"ALERT_CONTRACT_EXPIRY","contractId":"002","user":"system","detail":{"daysLeft":2}}
{"timestamp":"2025-07-28T18:57:02.185Z","action":"ALERT_CONTRACT_EXPIRY","contractId":"002","user":"system","detail":{"daysLeft":2}}
{"timestamp":"2025-07-28T18:58:02.096Z","action":"ALERT_CONTRACT_EXPIRY","contractId":"002","user":"system","detail":{"daysLeft":2}}
{"timestamp":"2025-07-28T18:59:02.190Z","action":"ALERT_CONTRACT_EXPIRY","contractId":"002","user":"system","detail":{"daysLeft":2}}
{"timestamp":"2025-07-29T06:49:05.883Z","action":"PERIOD_UPDATE","contractId":"27","user":"copyyu01","detail":{}}
{"timestamp":"2025-07-29T06:49:13.301Z","action":"PERIOD_UPDATE","contractId":"28","user":"copyyu01","detail":{}}
{"timestamp":"2025-07-29T18:01:04.250Z","action":"ALERT_CONTRACT_EXPIRY","contractId":"002","user":"system","detail":{"daysLeft":1}}
{"timestamp":"2025-07-29T18:01:06.677Z","action":"ALERT_CONTRACT_EXPIRY","contractId":"004","user":"system","detail":{"daysLeft":7}}
{"timestamp":"2025-07-29T18:02:02.231Z","action":"ALERT_CONTRACT_EXPIRY","contractId":"002","user":"system","detail":{"daysLeft":1}}
{"timestamp":"2025-07-29T18:02:04.365Z","action":"ALERT_CONTRACT_EXPIRY","contractId":"004","user":"system","detail":{"daysLeft":7}}
{"timestamp":"2025-07-29T18:03:02.175Z","action":"ALERT_CONTRACT_EXPIRY","contractId":"002","user":"system","detail":{"daysLeft":1}}
{"timestamp":"2025-07-29T18:03:04.585Z","action":"ALERT_CONTRACT_EXPIRY","contractId":"004","user":"system","detail":{"daysLeft":7}}
{"timestamp":"2025-07-29T18:04:02.307Z","action":"ALERT_CONTRACT_EXPIRY","contractId":"002","user":"system","detail":{"daysLeft":1}}
{"timestamp":"2025-07-29T18:04:04.499Z","action":"ALERT_CONTRACT_EXPIRY","contractId":"004","user":"system","detail":{"daysLeft":7}}
{"timestamp":"2025-07-29T18:05:02.191Z","action":"ALERT_CONTRACT_EXPIRY","contractId":"002","user":"system","detail":{"daysLeft":1}}
{"timestamp":"2025-07-29T18:05:04.287Z","action":"ALERT_CONTRACT_EXPIRY","contractId":"004","user":"system","detail":{"daysLeft":7}}
{"timestamp":"2025-07-29T18:06:02.843Z","action":"ALERT_CONTRACT_EXPIRY","contractId":"002","user":"system","detail":{"daysLeft":1}}
{"timestamp":"2025-07-29T18:06:05.066Z","action":"ALERT_CONTRACT_EXPIRY","contractId":"004","user":"system","detail":{"daysLeft":7}}
{"timestamp":"2025-07-29T18:07:02.231Z","action":"ALERT_CONTRACT_EXPIRY","contractId":"002","user":"system","detail":{"daysLeft":1}}
{"timestamp":"2025-07-29T18:07:04.202Z","action":"ALERT_CONTRACT_EXPIRY","contractId":"004","user":"system","detail":{"daysLeft":7}}
{"timestamp":"2025-07-29T18:08:02.196Z","action":"ALERT_CONTRACT_EXPIRY","contractId":"002","user":"system","detail":{"daysLeft":1}}
{"timestamp":"2025-07-29T18:08:04.942Z","action":"ALERT_CONTRACT_EXPIRY","contractId":"004","user":"system","detail":{"daysLeft":7}}
{"timestamp":"2025-07-29T18:09:02.181Z","action":"ALERT_CONTRACT_EXPIRY","contractId":"002","user":"system","detail":{"daysLeft":1}}
{"timestamp":"2025-07-29T18:09:04.234Z","action":"ALERT_CONTRACT_EXPIRY","contractId":"004","user":"system","detail":{"daysLeft":7}}
{"timestamp":"2025-07-29T18:10:02.164Z","action":"ALERT_CONTRACT_EXPIRY","contractId":"002","user":"system","detail":{"daysLeft":1}}
{"timestamp":"2025-07-29T18:10:04.809Z","action":"ALERT_CONTRACT_EXPIRY","contractId":"004","user":"system","detail":{"daysLeft":7}}
{"timestamp":"2025-07-29T18:11:02.156Z","action":"ALERT_CONTRACT_EXPIRY","contractId":"002","user":"system","detail":{"daysLeft":1}}
{"timestamp":"2025-07-29T18:11:04.207Z","action":"ALERT_CONTRACT_EXPIRY","contractId":"004","user":"system","detail":{"daysLeft":7}}
{"timestamp":"2025-07-29T18:12:02.278Z","action":"ALERT_CONTRACT_EXPIRY","contractId":"002","user":"system","detail":{"daysLeft":1}}
{"timestamp":"2025-07-29T18:12:04.462Z","action":"ALERT_CONTRACT_EXPIRY","contractId":"004","user":"system","detail":{"daysLeft":7}}
{"timestamp":"2025-07-29T18:13:02.829Z","action":"ALERT_CONTRACT_EXPIRY","contractId":"002","user":"system","detail":{"daysLeft":1}}
{"timestamp":"2025-07-29T18:13:04.976Z","action":"ALERT_CONTRACT_EXPIRY","contractId":"004","user":"system","detail":{"daysLeft":7}}
{"timestamp":"2025-07-29T18:14:02.390Z","action":"ALERT_CONTRACT_EXPIRY","contractId":"002","user":"system","detail":{"daysLeft":1}}
{"timestamp":"2025-07-29T18:14:04.432Z","action":"ALERT_CONTRACT_EXPIRY","contractId":"004","user":"system","detail":{"daysLeft":7}}
{"timestamp":"2025-07-29T18:15:02.259Z","action":"ALERT_CONTRACT_EXPIRY","contractId":"002","user":"system","detail":{"daysLeft":1}}
{"timestamp":"2025-07-29T18:15:04.230Z","action":"ALERT_CONTRACT_EXPIRY","contractId":"004","user":"system","detail":{"daysLeft":7}}
{"timestamp":"2025-07-29T18:16:02.224Z","action":"ALERT_CONTRACT_EXPIRY","contractId":"002","user":"system","detail":{"daysLeft":1}}
{"timestamp":"2025-07-29T18:16:04.912Z","action":"ALERT_CONTRACT_EXPIRY","contractId":"004","user":"system","detail":{"daysLeft":7}}
{"timestamp":"2025-07-29T18:17:02.144Z","action":"ALERT_CONTRACT_EXPIRY","contractId":"002","user":"system","detail":{"daysLeft":1}}
{"timestamp":"2025-07-29T18:17:04.208Z","action":"ALERT_CONTRACT_EXPIRY","contractId":"004","user":"system","detail":{"daysLeft":7}}
{"timestamp":"2025-07-29T18:18:02.436Z","action":"ALERT_CONTRACT_EXPIRY","contractId":"002","user":"system","detail":{"daysLeft":1}}
{"timestamp":"2025-07-29T18:18:04.566Z","action":"ALERT_CONTRACT_EXPIRY","contractId":"004","user":"system","detail":{"daysLeft":7}}
{"timestamp":"2025-07-29T18:19:02.192Z","action":"ALERT_CONTRACT_EXPIRY","contractId":"002","user":"system","detail":{"daysLeft":1}}
{"timestamp":"2025-07-29T18:19:04.855Z","action":"ALERT_CONTRACT_EXPIRY","contractId":"004","user":"system","detail":{"daysLeft":7}}
{"timestamp":"2025-07-29T18:20:02.476Z","action":"ALERT_CONTRACT_EXPIRY","contractId":"002","user":"system","detail":{"daysLeft":1}}
{"timestamp":"2025-07-29T18:20:04.565Z","action":"ALERT_CONTRACT_EXPIRY","contractId":"004","user":"system","detail":{"daysLeft":7}}
{"timestamp":"2025-07-29T18:21:02.129Z","action":"ALERT_CONTRACT_EXPIRY","contractId":"002","user":"system","detail":{"daysLeft":1}}
{"timestamp":"2025-07-29T18:21:04.150Z","action":"ALERT_CONTRACT_EXPIRY","contractId":"004","user":"system","detail":{"daysLeft":7}}
{"timestamp":"2025-07-29T18:22:02.132Z","action":"ALERT_CONTRACT_EXPIRY","contractId":"002","user":"system","detail":{"daysLeft":1}}
{"timestamp":"2025-07-29T18:22:04.164Z","action":"ALERT_CONTRACT_EXPIRY","contractId":"004","user":"system","detail":{"daysLeft":7}}
{"timestamp":"2025-07-29T18:23:17.323Z","action":"ALERT_CONTRACT_EXPIRY","contractId":"002","user":"system","detail":{"daysLeft":1}}
{"timestamp":"2025-07-29T18:23:19.327Z","action":"ALERT_CONTRACT_EXPIRY","contractId":"004","user":"system","detail":{"daysLeft":7}}
{"timestamp":"2025-07-29T18:24:02.101Z","action":"ALERT_CONTRACT_EXPIRY","contractId":"002","user":"system","detail":{"daysLeft":1}}
{"timestamp":"2025-07-29T18:24:04.093Z","action":"ALERT_CONTRACT_EXPIRY","contractId":"004","user":"system","detail":{"daysLeft":7}}
{"timestamp":"2025-07-29T18:25:02.749Z","action":"ALERT_CONTRACT_EXPIRY","contractId":"002","user":"system","detail":{"daysLeft":1}}
{"timestamp":"2025-07-29T18:25:05.365Z","action":"ALERT_CONTRACT_EXPIRY","contractId":"004","user":"system","detail":{"daysLeft":7}}
{"timestamp":"2025-07-29T18:26:02.083Z","action":"ALERT_CONTRACT_EXPIRY","contractId":"002","user":"system","detail":{"daysLeft":1}}
{"timestamp":"2025-07-29T18:26:04.178Z","action":"ALERT_CONTRACT_EXPIRY","contractId":"004","user":"system","detail":{"daysLeft":7}}
{"timestamp":"2025-07-29T18:27:02.126Z","action":"ALERT_CONTRACT_EXPIRY","contractId":"002","user":"system","detail":{"daysLeft":1}}
{"timestamp":"2025-07-29T18:27:04.139Z","action":"ALERT_CONTRACT_EXPIRY","contractId":"004","user":"system","detail":{"daysLeft":7}}
{"timestamp":"2025-07-29T18:28:02.882Z","action":"ALERT_CONTRACT_EXPIRY","contractId":"002","user":"system","detail":{"daysLeft":1}}
{"timestamp":"2025-07-29T18:28:05.135Z","action":"ALERT_CONTRACT_EXPIRY","contractId":"004","user":"system","detail":{"daysLeft":7}}
{"timestamp":"2025-07-29T18:29:02.134Z","action":"ALERT_CONTRACT_EXPIRY","contractId":"002","user":"system","detail":{"daysLeft":1}}
{"timestamp":"2025-07-29T18:29:04.184Z","action":"ALERT_CONTRACT_EXPIRY","contractId":"004","user":"system","detail":{"daysLeft":7}}
{"timestamp":"2025-07-29T18:30:02.145Z","action":"ALERT_CONTRACT_EXPIRY","contractId":"002","user":"system","detail":{"daysLeft":1}}
{"timestamp":"2025-07-29T18:30:04.119Z","action":"ALERT_CONTRACT_EXPIRY","contractId":"004","user":"system","detail":{"daysLeft":7}}
{"timestamp":"2025-07-29T18:31:02.235Z","action":"ALERT_CONTRACT_EXPIRY","contractId":"002","user":"system","detail":{"daysLeft":1}}
{"timestamp":"2025-07-29T18:31:04.276Z","action":"ALERT_CONTRACT_EXPIRY","contractId":"004","user":"system","detail":{"daysLeft":7}}
{"timestamp":"2025-07-29T18:32:02.361Z","action":"ALERT_CONTRACT_EXPIRY","contractId":"002","user":"system","detail":{"daysLeft":1}}
{"timestamp":"2025-07-29T18:32:04.356Z","action":"ALERT_CONTRACT_EXPIRY","contractId":"004","user":"system","detail":{"daysLeft":7}}
{"timestamp":"2025-07-29T18:33:02.186Z","action":"ALERT_CONTRACT_EXPIRY","contractId":"002","user":"system","detail":{"daysLeft":1}}
{"timestamp":"2025-07-29T18:33:04.378Z","action":"ALERT_CONTRACT_EXPIRY","contractId":"004","user":"system","detail":{"daysLeft":7}}
{"timestamp":"2025-07-29T18:34:02.266Z","action":"ALERT_CONTRACT_EXPIRY","contractId":"002","user":"system","detail":{"daysLeft":1}}
{"timestamp":"2025-07-29T18:34:04.939Z","action":"ALERT_CONTRACT_EXPIRY","contractId":"004","user":"system","detail":{"daysLeft":7}}
{"timestamp":"2025-07-29T18:35:02.791Z","action":"ALERT_CONTRACT_EXPIRY","contractId":"002","user":"system","detail":{"daysLeft":1}}
{"timestamp":"2025-07-29T18:35:04.997Z","action":"ALERT_CONTRACT_EXPIRY","contractId":"004","user":"system","detail":{"daysLeft":7}}
{"timestamp":"2025-07-29T18:36:02.176Z","action":"ALERT_CONTRACT_EXPIRY","contractId":"002","user":"system","detail":{"daysLeft":1}}
{"timestamp":"2025-07-29T18:36:04.195Z","action":"ALERT_CONTRACT_EXPIRY","contractId":"004","user":"system","detail":{"daysLeft":7}}
{"timestamp":"2025-07-29T18:37:02.805Z","action":"ALERT_CONTRACT_EXPIRY","contractId":"002","user":"system","detail":{"daysLeft":1}}
{"timestamp":"2025-07-29T18:37:04.839Z","action":"ALERT_CONTRACT_EXPIRY","contractId":"004","user":"system","detail":{"daysLeft":7}}
{"timestamp":"2025-07-29T18:38:02.195Z","action":"ALERT_CONTRACT_EXPIRY","contractId":"002","user":"system","detail":{"daysLeft":1}}
{"timestamp":"2025-07-29T18:38:04.235Z","action":"ALERT_CONTRACT_EXPIRY","contractId":"004","user":"system","detail":{"daysLeft":7}}
{"timestamp":"2025-07-29T18:39:02.059Z","action":"ALERT_CONTRACT_EXPIRY","contractId":"002","user":"system","detail":{"daysLeft":1}}
{"timestamp":"2025-07-29T18:39:04.092Z","action":"ALERT_CONTRACT_EXPIRY","contractId":"004","user":"system","detail":{"daysLeft":7}}
{"timestamp":"2025-07-29T18:40:02.159Z","action":"ALERT_CONTRACT_EXPIRY","contractId":"002","user":"system","detail":{"daysLeft":1}}
{"timestamp":"2025-07-29T18:40:04.123Z","action":"ALERT_CONTRACT_EXPIRY","contractId":"004","user":"system","detail":{"daysLeft":7}}
{"timestamp":"2025-07-29T18:41:02.295Z","action":"ALERT_CONTRACT_EXPIRY","contractId":"002","user":"system","detail":{"daysLeft":1}}
{"timestamp":"2025-07-29T18:41:04.256Z","action":"ALERT_CONTRACT_EXPIRY","contractId":"004","user":"system","detail":{"daysLeft":7}}
{"timestamp":"2025-07-29T18:42:02.165Z","action":"ALERT_CONTRACT_EXPIRY","contractId":"002","user":"system","detail":{"daysLeft":1}}
{"timestamp":"2025-07-29T18:42:04.149Z","action":"ALERT_CONTRACT_EXPIRY","contractId":"004","user":"system","detail":{"daysLeft":7}}
{"timestamp":"2025-07-29T18:43:02.150Z","action":"ALERT_CONTRACT_EXPIRY","contractId":"002","user":"system","detail":{"daysLeft":1}}
{"timestamp":"2025-07-29T18:43:04.146Z","action":"ALERT_CONTRACT_EXPIRY","contractId":"004","user":"system","detail":{"daysLeft":7}}
{"timestamp":"2025-07-29T18:44:02.157Z","action":"ALERT_CONTRACT_EXPIRY","contractId":"002","user":"system","detail":{"daysLeft":1}}
{"timestamp":"2025-07-29T18:44:04.107Z","action":"ALERT_CONTRACT_EXPIRY","contractId":"004","user":"system","detail":{"daysLeft":7}}
{"timestamp":"2025-07-29T18:45:02.114Z","action":"ALERT_CONTRACT_EXPIRY","contractId":"002","user":"system","detail":{"daysLeft":1}}
{"timestamp":"2025-07-29T18:45:04.136Z","action":"ALERT_CONTRACT_EXPIRY","contractId":"004","user":"system","detail":{"daysLeft":7}}
{"timestamp":"2025-07-29T18:46:02.207Z","action":"ALERT_CONTRACT_EXPIRY","contractId":"002","user":"system","detail":{"daysLeft":1}}
{"timestamp":"2025-07-29T18:46:04.218Z","action":"ALERT_CONTRACT_EXPIRY","contractId":"004","user":"system","detail":{"daysLeft":7}}
{"timestamp":"2025-07-29T18:47:02.175Z","action":"ALERT_CONTRACT_EXPIRY","contractId":"002","user":"system","detail":{"daysLeft":1}}
{"timestamp":"2025-07-29T18:47:04.848Z","action":"ALERT_CONTRACT_EXPIRY","contractId":"004","user":"system","detail":{"daysLeft":7}}
{"timestamp":"2025-07-29T18:48:02.160Z","action":"ALERT_CONTRACT_EXPIRY","contractId":"002","user":"system","detail":{"daysLeft":1}}
{"timestamp":"2025-07-29T18:48:04.954Z","action":"ALERT_CONTRACT_EXPIRY","contractId":"004","user":"system","detail":{"daysLeft":7}}
{"timestamp":"2025-07-29T18:49:02.136Z","action":"ALERT_CONTRACT_EXPIRY","contractId":"002","user":"system","detail":{"daysLeft":1}}
{"timestamp":"2025-07-29T18:49:04.168Z","action":"ALERT_CONTRACT_EXPIRY","contractId":"004","user":"system","detail":{"daysLeft":7}}
{"timestamp":"2025-07-29T18:50:02.202Z","action":"ALERT_CONTRACT_EXPIRY","contractId":"002","user":"system","detail":{"daysLeft":1}}
{"timestamp":"2025-07-29T18:50:04.231Z","action":"ALERT_CONTRACT_EXPIRY","contractId":"004","user":"system","detail":{"daysLeft":7}}
{"timestamp":"2025-07-29T18:51:02.192Z","action":"ALERT_CONTRACT_EXPIRY","contractId":"002","user":"system","detail":{"daysLeft":1}}
{"timestamp":"2025-07-29T18:51:05.014Z","action":"ALERT_CONTRACT_EXPIRY","contractId":"004","user":"system","detail":{"daysLeft":7}}
{"timestamp":"2025-07-29T18:52:02.146Z","action":"ALERT_CONTRACT_EXPIRY","contractId":"002","user":"system","detail":{"daysLeft":1}}
{"timestamp":"2025-07-29T18:52:04.174Z","action":"ALERT_CONTRACT_EXPIRY","contractId":"004","user":"system","detail":{"daysLeft":7}}
{"timestamp":"2025-07-29T18:53:02.356Z","action":"ALERT_CONTRACT_EXPIRY","contractId":"002","user":"system","detail":{"daysLeft":1}}
{"timestamp":"2025-07-29T18:53:04.371Z","action":"ALERT_CONTRACT_EXPIRY","contractId":"004","user":"system","detail":{"daysLeft":7}}
{"timestamp":"2025-07-29T18:54:02.137Z","action":"ALERT_CONTRACT_EXPIRY","contractId":"002","user":"system","detail":{"daysLeft":1}}
{"timestamp":"2025-07-29T18:54:04.940Z","action":"ALERT_CONTRACT_EXPIRY","contractId":"004","user":"system","detail":{"daysLeft":7}}
{"timestamp":"2025-07-29T18:55:02.181Z","action":"ALERT_CONTRACT_EXPIRY","contractId":"002","user":"system","detail":{"daysLeft":1}}
{"timestamp":"2025-07-29T18:55:04.286Z","action":"ALERT_CONTRACT_EXPIRY","contractId":"004","user":"system","detail":{"daysLeft":7}}
{"timestamp":"2025-07-29T18:56:02.098Z","action":"ALERT_CONTRACT_EXPIRY","contractId":"002","user":"system","detail":{"daysLeft":1}}
{"timestamp":"2025-07-29T18:56:04.177Z","action":"ALERT_CONTRACT_EXPIRY","contractId":"004","user":"system","detail":{"daysLeft":7}}
{"timestamp":"2025-07-29T18:57:02.195Z","action":"ALERT_CONTRACT_EXPIRY","contractId":"002","user":"system","detail":{"daysLeft":1}}
{"timestamp":"2025-07-29T18:57:04.190Z","action":"ALERT_CONTRACT_EXPIRY","contractId":"004","user":"system","detail":{"daysLeft":7}}
{"timestamp":"2025-07-29T18:58:02.175Z","action":"ALERT_CONTRACT_EXPIRY","contractId":"002","user":"system","detail":{"daysLeft":1}}
{"timestamp":"2025-07-29T18:58:04.190Z","action":"ALERT_CONTRACT_EXPIRY","contractId":"004","user":"system","detail":{"daysLeft":7}}
{"timestamp":"2025-07-29T18:59:02.166Z","action":"ALERT_CONTRACT_EXPIRY","contractId":"002","user":"system","detail":{"daysLeft":1}}
{"timestamp":"2025-07-29T18:59:04.361Z","action":"ALERT_CONTRACT_EXPIRY","contractId":"004","user":"system","detail":{"daysLeft":7}}
{"timestamp":"2025-08-05T03:35:00.417Z","action":"PERIOD_UPDATE","contractId":"17","user":"copyyu","detail":{}}
{"timestamp":"2025-08-18T03:07:59.743Z","action":"PERIOD_UPDATE","contractId":"33","user":"asd123","detail":{}}
{"timestamp":"2025-08-18T03:08:24.710Z","action":"PERIOD_DELETE","contractId":"33","user":"asd123","detail":{}}
{"timestamp":"2025-08-18T03:08:27.700Z","action":"PERIOD_DELETE","contractId":"17","user":"asd123","detail":{}}
{"timestamp":"2025-08-18T03:08:30.740Z","action":"PERIOD_DELETE","contractId":"39","user":"asd123","detail":{}}
{"timestamp":"2025-08-18T04:37:06.819Z","action":"PERIOD_UPDATE","contractId":"37","user":"asd123","detail":{}}
{"timestamp":"2025-08-18T05:09:20.650Z","action":"PERIOD_UPDATE","contractId":"37","user":"asd123","detail":{}}
{"timestamp":"2025-08-18T05:58:55.094Z","action":"PERIOD_UPDATE","contractId":"37","user":"asd123","detail":{}}
{"timestamp":"2025-08-18T05:59:00.078Z","action":"PERIOD_UPDATE","contractId":"37","user":"asd123","detail":{}}
{"timestamp":"2025-08-18T05:59:21.511Z","action":"UPDATE","contractId":"22","user":"asd123","detail":{"contractNo":"009"}}
{"timestamp":"2025-08-18T05:59:21.732Z","action":"UPDATE","contractId":"22","user":"asd123","detail":{"contractNo":"009"}}
{"timestamp":"2025-08-18T05:59:44.383Z","action":"PERIOD_DELETE","contractId":"37","user":"asd123","detail":{}}
{"timestamp":"2025-08-18T05:59:46.647Z","action":"PERIOD_DELETE","contractId":"16","user":"asd123","detail":{}}
{"timestamp":"2025-08-18T05:59:48.776Z","action":"PERIOD_DELETE","contractId":"7","user":"asd123","detail":{}}
{"timestamp":"2025-08-18T05:59:51.416Z","action":"PERIOD_UPDATE","contractId":"36","user":"asd123","detail":{}}
{"timestamp":"2025-08-18T06:18:35.646Z","action":"PERIOD_DELETE","contractId":"36","user":"asd123","detail":{}}
{"timestamp":"2025-08-18T06:32:35.312Z","action":"PERIOD_ADD","contractId":"14","user":"asd123","detail":{"periodNo":5,"dueDate":"2025-07-25T17:00:00.000Z","alert_days":1}}
{"timestamp":"2025-08-18T06:32:36.670Z","action":"PERIOD_ADD","contractId":"14","user":"asd123","detail":{"periodNo":5,"dueDate":"2025-07-25T17:00:00.000Z","alert_days":1}}
{"timestamp":"2025-08-18T06:32:37.497Z","action":"PERIOD_ADD","contractId":"14","user":"asd123","detail":{"periodNo":5,"dueDate":"2025-07-25T17:00:00.000Z","alert_days":1}}
{"timestamp":"2025-08-18T06:32:38.218Z","action":"PERIOD_ADD","contractId":"14","user":"asd123","detail":{"periodNo":5,"dueDate":"2025-07-25T17:00:00.000Z","alert_days":1}}
{"timestamp":"2025-08-18T06:32:38.418Z","action":"PERIOD_ADD","contractId":"14","user":"asd123","detail":{"periodNo":5,"dueDate":"2025-07-25T17:00:00.000Z","alert_days":1}}
{"timestamp":"2025-08-18T06:32:49.043Z","action":"PERIOD_DELETE","contractId":"41","user":"asd123","detail":{}}
{"timestamp":"2025-08-18T06:32:51.295Z","action":"PERIOD_DELETE","contractId":"42","user":"asd123","detail":{}}
{"timestamp":"2025-08-18T06:33:05.473Z","action":"PERIOD_DELETE","contractId":"35","user":"asd123","detail":{}}
{"timestamp":"2025-08-18T06:33:45.576Z","action":"PERIOD_ADD","contractId":"14","user":"asd123","detail":{"periodNo":5,"dueDate":"2025-07-24T17:00:00.000Z","alert_days":1}}
{"timestamp":"2025-08-18T06:34:24.787Z","action":"PERIOD_DELETE","contractId":"45","user":"asd123","detail":{}}
{"timestamp":"2025-08-18T06:58:57.367Z","action":"PERIOD_STATUS_UPDATE","contractId":"44","user":"asd123","detail":{"status":"เสร็จสิ้น"}}
{"timestamp":"2025-08-18T06:59:16.802Z","action":"PERIOD_ADD","contractId":"14","user":"asd123","detail":{"periodNo":5,"dueDate":"2025-07-24T17:00:00.000Z","alert_days":1}}
{"timestamp":"2025-08-18T06:59:18.092Z","action":"PERIOD_ADD","contractId":"14","user":"asd123","detail":{"periodNo":5,"dueDate":"2025-07-24T17:00:00.000Z","alert_days":1}}
{"timestamp":"2025-08-18T06:59:19.233Z","action":"PERIOD_ADD","contractId":"14","user":"asd123","detail":{"periodNo":5,"dueDate":"2025-07-24T17:00:00.000Z","alert_days":1}}
{"timestamp":"2025-08-18T06:59:24.634Z","action":"PERIOD_DELETE","contractId":"46","user":"asd123","detail":{}}
{"timestamp":"2025-08-18T06:59:31.506Z","action":"PERIOD_DELETE","contractId":"47","user":"asd123","detail":{}}
{"timestamp":"2025-08-18T06:59:33.826Z","action":"PERIOD_STATUS_UPDATE","contractId":"48","user":"asd123","detail":{"status":"เสร็จสิ้น"}}
{"timestamp":"2025-08-18T06:59:38.094Z","action":"PERIOD_STATUS_UPDATE","contractId":"48","user":"asd123","detail":{"status":"รอดำเนินการ"}}
{"timestamp":"2025-08-18T06:59:43.288Z","action":"PERIOD_STATUS_UPDATE","contractId":"48","user":"asd123","detail":{"status":"เสร็จสิ้น"}}
{"timestamp":"2025-08-18T07:00:58.136Z","action":"PERIOD_DELETE","contractId":"48","user":"asd123","detail":{}}
{"timestamp":"2025-08-18T07:01:00.236Z","action":"PERIOD_DELETE","contractId":"44","user":"asd123","detail":{}}
{"timestamp":"2025-08-18T07:01:36.657Z","action":"PERIOD_ADD","contractId":"14","user":"asd123","detail":{"periodNo":5,"dueDate":"2025-07-24T17:00:00.000Z","alert_days":1}}
{"timestamp":"2025-08-18T07:05:55.293Z","action":"PERIOD_DELETE","contractId":"49","user":"asd123","detail":{}}
{"timestamp":"2025-08-18T07:06:18.627Z","action":"UPDATE","contractId":"22","user":"asd123","detail":{"contractNo":"009"}}
{"timestamp":"2025-08-18T07:06:37.964Z","action":"UPDATE","contractId":"19","user":"asd123","detail":{"contractNo":"004"}}
{"timestamp":"2025-08-18T07:14:28.399Z","action":"PERIOD_UPDATE","contractId":"22","user":"asd123","detail":{"periodNo":4,"dueDate":"2025-07-25T17:00:00.000Z","alert_days":3,"status":"กำลังดำเนินการ"}}
{"timestamp":"2025-08-18T07:17:34.910Z","action":"UPDATE","contractId":"16","user":"asd123","detail":{"contractNo":"002"}}
{"timestamp":"2025-08-18T07:18:21.922Z","action":"UPDATE","contractId":"19","user":"asd123","detail":{"contractNo":"004"}}
{"timestamp":"2025-08-18T07:18:54.126Z","action":"UPDATE","contractId":"16","user":"asd123","detail":{"contractNo":"002"}}
{"timestamp":"2025-08-18T07:19:44.533Z","action":"UPDATE","contractId":"16","user":"asd123","detail":{"contractNo":"002"}}
{"timestamp":"2025-08-18T07:21:35.276Z","action":"UPDATE","contractId":"19","user":"asd123","detail":{"contractNo":"004"}}
{"timestamp":"2025-08-18T07:21:50.371Z","action":"UPDATE","contractId":"19","user":"asd123","detail":{"contractNo":"004"}}
{"timestamp":"2025-08-18T07:22:05.296Z","action":"UPDATE","contractId":"19","user":"asd123","detail":{"contractNo":"004"}}
{"timestamp":"2025-08-18T07:22:19.613Z","action":"UPDATE","contractId":"19","user":"asd123","detail":{"contractNo":"004"}}
{"timestamp":"2025-08-18T07:22:25.983Z","action":"UPDATE","contractId":"19","user":"asd123","detail":{"contractNo":"004"}}
{"timestamp":"2025-08-18T07:22:32.937Z","action":"UPDATE","contractId":"19","user":"asd123","detail":{"contractNo":"004"}}
{"timestamp":"2025-08-18T07:34:40.164Z","action":"UPDATE","contractId":"19","user":"asd123","detail":{"contractNo":"004"}}
{"timestamp":"2025-08-18T07:34:50.133Z","action":"UPDATE","contractId":"19","user":"asd123","detail":{"contractNo":"004"}}
{"timestamp":"2025-08-18T07:35:00.306Z","action":"UPDATE","contractId":"14","user":"asd123","detail":{"contractNo":"CS-26"}}
{"timestamp":"2025-08-18T07:35:07.737Z","action":"UPDATE","contractId":"14","user":"asd123","detail":{"contractNo":"CS-26"}}
{"timestamp":"2025-08-18T07:35:17.065Z","action":"UPDATE","contractId":"14","user":"asd123","detail":{"contractNo":"CS-26"}}
{"timestamp":"2025-08-18T07:35:30.029Z","action":"UPDATE","contractId":"14","user":"asd123","detail":{"contractNo":"CS-26"}}
{"timestamp":"2025-08-18T07:35:40.617Z","action":"UPDATE","contractId":"22","user":"asd123","detail":{"contractNo":"009"}}
{"timestamp":"2025-08-18T07:35:52.948Z","action":"UPDATE","contractId":"22","user":"asd123","detail":{"contractNo":"009"}}
{"timestamp":"2025-08-18T07:36:04.026Z","action":"PERIOD_STATUS_UPDATE","contractId":"43","user":"asd123","detail":{"status":"เสร็จสิ้น"}}
{"timestamp":"2025-08-18T07:36:33.514Z","action":"UPDATE","contractId":"15","user":"asd123","detail":{"contractNo":"555"}}
{"timestamp":"2025-08-18T07:37:47.616Z","action":"PERIOD_DELETE","contractId":"27","user":"asd123","detail":{}}
{"timestamp":"2025-08-18T07:37:49.448Z","action":"PERIOD_DELETE","contractId":"28","user":"asd123","detail":{}}
{"timestamp":"2025-08-18T07:37:59.347Z","action":"PERIOD_DELETE","contractId":"14","user":"asd123","detail":{}}
{"timestamp":"2025-08-18T07:38:01.503Z","action":"PERIOD_DELETE","contractId":"15","user":"asd123","detail":{}}
{"timestamp":"2025-08-18T07:38:04.102Z","action":"PERIOD_DELETE","contractId":"18","user":"asd123","detail":{}}
{"timestamp":"2025-08-18T07:38:08.477Z","action":"PERIOD_UPDATE","contractId":"22","user":"asd123","detail":{"periodNo":4,"dueDate":"2025-07-24T17:00:00.000Z","alert_days":3,"status":"เสร็จสิ้น"}}
{"timestamp":"2025-08-18T07:38:25.253Z","action":"PERIOD_DELETE","contractId":"43","user":"asd123","detail":{}}
{"timestamp":"2025-08-18T07:38:27.203Z","action":"PERIOD_DELETE","contractId":"40","user":"asd123","detail":{}}
{"timestamp":"2025-08-18T07:38:35.911Z","action":"PERIOD_DELETE","contractId":"22","user":"asd123","detail":{}}
{"timestamp":"2025-08-18T07:38:46.366Z","action":"PERIOD_DELETE","contractId":"23","user":"asd123","detail":{}}
{"timestamp":"2025-08-18T07:38:48.436Z","action":"PERIOD_DELETE","contractId":"24","user":"asd123","detail":{}}
{"timestamp":"2025-08-18T07:39:07.548Z","action":"DELETE","contractId":"19","user":"asd123","detail":{"contractNo":"004"}}
{"timestamp":"2025-08-18T07:39:13.900Z","action":"DELETE","contractId":"15","user":"asd123","detail":{"contractNo":"555"}}
{"timestamp":"2025-08-18T07:39:18.913Z","action":"DELETE","contractId":"16","user":"asd123","detail":{"contractNo":"002"}}
{"timestamp":"2025-08-18T07:46:10.918Z","action":"UPLOAD","contractId":"14","user":"asd123","detail":{"files":["IMG_5009.png"]}}
{"timestamp":"2025-08-18T08:31:00.434Z","action":"DELETE_FILE","contractId":"14","user":"asd123","detail":{"fileId":"7","filename":"IMG_5009.png"}}
{"timestamp":"2025-08-18T08:31:02.306Z","action":"DELETE_FILE","contractId":"14","user":"asd123","detail":{"fileId":"6","filename":"à¸à¹à¸à¹à¸à¹.pdf"}}
{"timestamp":"2025-08-18T08:51:54.186Z","action":"UPLOAD","contractId":"22","user":"asd123","detail":{"files":["IMG_5007.PNG"]}}
{"timestamp":"2025-08-18T08:52:00.676Z","action":"DELETE_FILE","contractId":"22","user":"asd123","detail":{"fileId":"8","filename":"IMG_5007.PNG"}}
{"timestamp":"2025-08-18T08:52:21.262Z","action":"PERIOD_ADD","contractId":"22","user":"asd123","detail":{"periodNo":1,"dueDate":"2025-08-20","alert_days":0}}
{"timestamp":"2025-08-18T08:52:58.824Z","action":"PERIOD_UPDATE","contractId":"50","user":"asd123","detail":{"periodNo":1,"dueDate":"2025-08-19T17:00:00.000Z","alert_days":1,"status":"กำลังดำเนินการ"}}
{"timestamp":"2025-08-18T09:29:24.823Z","action":"UPDATE","contractId":"14","user":"asd123","detail":{"contractNo":"CS-26"}}
{"timestamp":"2025-08-19T09:31:13.315Z","action":"UPLOAD","contractId":"14","user":"asd123","detail":{"files":["IMG_5007.PNG"]}}
{"timestamp":"2025-08-19T09:31:19.880Z","action":"DELETE_FILE","contractId":"14","user":"asd123","detail":{"fileId":"9","filename":"IMG_5007.PNG"}}
{"timestamp":"2025-08-19T09:33:11.397Z","action":"PERIOD_UPDATE","contractId":"50","user":"asd123","detail":{"periodNo":1,"dueDate":"2025-08-18T17:00:00.000Z","alert_days":1,"status":"รอดำเนินการ"}}
{"timestamp":"2025-08-19T09:33:28.109Z","action":"UPDATE","contractId":"22","user":"asd123","detail":{"contractNo":"009"}}
{"timestamp":"2025-08-19T09:33:38.474Z","action":"UPDATE","contractId":"22","user":"asd123","detail":{"contractNo":"009"}}
{"timestamp":"2025-08-19T18:00:04.495Z","action":"ALERT_CONTRACT_EXPIRY","contractId":"009","user":"system","detail":{"daysLeft":5}}
{"timestamp":"2025-08-19T18:01:02.645Z","action":"ALERT_CONTRACT_EXPIRY","contractId":"009","user":"system","detail":{"daysLeft":5}}
{"timestamp":"2025-08-19T18:02:02.252Z","action":"ALERT_CONTRACT_EXPIRY","contractId":"009","user":"system","detail":{"daysLeft":5}}
{"timestamp":"2025-08-19T18:03:02.451Z","action":"ALERT_CONTRACT_EXPIRY","contractId":"009","user":"system","detail":{"daysLeft":5}}
{"timestamp":"2025-08-19T18:04:02.162Z","action":"ALERT_CONTRACT_EXPIRY","contractId":"009","user":"system","detail":{"daysLeft":5}}
{"timestamp":"2025-08-19T18:05:02.322Z","action":"ALERT_CONTRACT_EXPIRY","contractId":"009","user":"system","detail":{"daysLeft":5}}
{"timestamp":"2025-08-19T18:06:02.302Z","action":"ALERT_CONTRACT_EXPIRY","contractId":"009","user":"system","detail":{"daysLeft":5}}
{"timestamp":"2025-08-19T18:07:02.969Z","action":"ALERT_CONTRACT_EXPIRY","contractId":"009","user":"system","detail":{"daysLeft":5}}
{"timestamp":"2025-08-19T18:08:02.435Z","action":"ALERT_CONTRACT_EXPIRY","contractId":"009","user":"system","detail":{"daysLeft":5}}
{"timestamp":"2025-08-19T18:09:02.917Z","action":"ALERT_CONTRACT_EXPIRY","contractId":"009","user":"system","detail":{"daysLeft":5}}
{"timestamp":"2025-08-19T18:10:02.159Z","action":"ALERT_CONTRACT_EXPIRY","contractId":"009","user":"system","detail":{"daysLeft":5}}
{"timestamp":"2025-08-19T18:11:02.175Z","action":"ALERT_CONTRACT_EXPIRY","contractId":"009","user":"system","detail":{"daysLeft":5}}
{"timestamp":"2025-08-19T18:12:02.297Z","action":"ALERT_CONTRACT_EXPIRY","contractId":"009","user":"system","detail":{"daysLeft":5}}
{"timestamp":"2025-08-19T18:13:02.329Z","action":"ALERT_CONTRACT_EXPIRY","contractId":"009","user":"system","detail":{"daysLeft":5}}
{"timestamp":"2025-08-19T18:14:02.168Z","action":"ALERT_CONTRACT_EXPIRY","contractId":"009","user":"system","detail":{"daysLeft":5}}
{"timestamp":"2025-08-19T18:15:02.517Z","action":"ALERT_CONTRACT_EXPIRY","contractId":"009","user":"system","detail":{"daysLeft":5}}
{"timestamp":"2025-08-19T18:16:02.579Z","action":"ALERT_CONTRACT_EXPIRY","contractId":"009","user":"system","detail":{"daysLeft":5}}
{"timestamp":"2025-08-19T18:17:02.117Z","action":"ALERT_CONTRACT_EXPIRY","contractId":"009","user":"system","detail":{"daysLeft":5}}
{"timestamp":"2025-08-19T18:18:03.876Z","action":"ALERT_CONTRACT_EXPIRY","contractId":"009","user":"system","detail":{"daysLeft":5}}
{"timestamp":"2025-08-19T18:19:02.995Z","action":"ALERT_CONTRACT_EXPIRY","contractId":"009","user":"system","detail":{"daysLeft":5}}
{"timestamp":"2025-08-19T18:20:02.328Z","action":"ALERT_CONTRACT_EXPIRY","contractId":"009","user":"system","detail":{"daysLeft":5}}
{"timestamp":"2025-08-19T18:21:02.897Z","action":"ALERT_CONTRACT_EXPIRY","contractId":"009","user":"system","detail":{"daysLeft":5}}
{"timestamp":"2025-08-19T18:22:02.712Z","action":"ALERT_CONTRACT_EXPIRY","contractId":"009","user":"system","detail":{"daysLeft":5}}
{"timestamp":"2025-08-19T18:23:02.810Z","action":"ALERT_CONTRACT_EXPIRY","contractId":"009","user":"system","detail":{"daysLeft":5}}
{"timestamp":"2025-08-19T18:24:02.883Z","action":"ALERT_CONTRACT_EXPIRY","contractId":"009","user":"system","detail":{"daysLeft":5}}
{"timestamp":"2025-08-19T18:25:02.165Z","action":"ALERT_CONTRACT_EXPIRY","contractId":"009","user":"system","detail":{"daysLeft":5}}
{"timestamp":"2025-08-19T18:26:02.808Z","action":"ALERT_CONTRACT_EXPIRY","contractId":"009","user":"system","detail":{"daysLeft":5}}
{"timestamp":"2025-08-19T18:27:02.133Z","action":"ALERT_CONTRACT_EXPIRY","contractId":"009","user":"system","detail":{"daysLeft":5}}
{"timestamp":"2025-08-19T18:28:02.242Z","action":"ALERT_CONTRACT_EXPIRY","contractId":"009","user":"system","detail":{"daysLeft":5}}
{"timestamp":"2025-08-19T18:29:02.855Z","action":"ALERT_CONTRACT_EXPIRY","contractId":"009","user":"system","detail":{"daysLeft":5}}
{"timestamp":"2025-08-19T18:30:02.801Z","action":"ALERT_CONTRACT_EXPIRY","contractId":"009","user":"system","detail":{"daysLeft":5}}
{"timestamp":"2025-08-19T18:31:02.409Z","action":"ALERT_CONTRACT_EXPIRY","contractId":"009","user":"system","detail":{"daysLeft":5}}
{"timestamp":"2025-08-19T18:32:02.131Z","action":"ALERT_CONTRACT_EXPIRY","contractId":"009","user":"system","detail":{"daysLeft":5}}
{"timestamp":"2025-08-19T18:33:02.869Z","action":"ALERT_CONTRACT_EXPIRY","contractId":"009","user":"system","detail":{"daysLeft":5}}
{"timestamp":"2025-08-19T18:34:03.475Z","action":"ALERT_CONTRACT_EXPIRY","contractId":"009","user":"system","detail":{"daysLeft":5}}
{"timestamp":"2025-08-19T18:35:02.816Z","action":"ALERT_CONTRACT_EXPIRY","contractId":"009","user":"system","detail":{"daysLeft":5}}
{"timestamp":"2025-08-19T18:36:02.186Z","action":"ALERT_CONTRACT_EXPIRY","contractId":"009","user":"system","detail":{"daysLeft":5}}
{"timestamp":"2025-08-19T18:37:02.750Z","action":"ALERT_CONTRACT_EXPIRY","contractId":"009","user":"system","detail":{"daysLeft":5}}
{"timestamp":"2025-08-19T18:38:02.790Z","action":"ALERT_CONTRACT_EXPIRY","contractId":"009","user":"system","detail":{"daysLeft":5}}
{"timestamp":"2025-08-19T18:39:02.181Z","action":"ALERT_CONTRACT_EXPIRY","contractId":"009","user":"system","detail":{"daysLeft":5}}
{"timestamp":"2025-08-19T18:40:02.088Z","action":"ALERT_CONTRACT_EXPIRY","contractId":"009","user":"system","detail":{"daysLeft":5}}
{"timestamp":"2025-08-19T18:41:02.952Z","action":"ALERT_CONTRACT_EXPIRY","contractId":"009","user":"system","detail":{"daysLeft":5}}
{"timestamp":"2025-08-19T18:42:02.277Z","action":"ALERT_CONTRACT_EXPIRY","contractId":"009","user":"system","detail":{"daysLeft":5}}
{"timestamp":"2025-08-19T18:43:02.986Z","action":"ALERT_CONTRACT_EXPIRY","contractId":"009","user":"system","detail":{"daysLeft":5}}
{"timestamp":"2025-08-19T18:44:02.250Z","action":"ALERT_CONTRACT_EXPIRY","contractId":"009","user":"system","detail":{"daysLeft":5}}
{"timestamp":"2025-08-19T18:45:02.781Z","action":"ALERT_CONTRACT_EXPIRY","contractId":"009","user":"system","detail":{"daysLeft":5}}
{"timestamp":"2025-08-19T18:46:02.181Z","action":"ALERT_CONTRACT_EXPIRY","contractId":"009","user":"system","detail":{"daysLeft":5}}
{"timestamp":"2025-08-19T18:47:02.270Z","action":"ALERT_CONTRACT_EXPIRY","contractId":"009","user":"system","detail":{"daysLeft":5}}
{"timestamp":"2025-08-19T18:48:02.336Z","action":"ALERT_CONTRACT_EXPIRY","contractId":"009","user":"system","detail":{"daysLeft":5}}
{"timestamp":"2025-08-19T18:49:02.751Z","action":"ALERT_CONTRACT_EXPIRY","contractId":"009","user":"system","detail":{"daysLeft":5}}
{"timestamp":"2025-08-19T18:50:02.924Z","action":"ALERT_CONTRACT_EXPIRY","contractId":"009","user":"system","detail":{"daysLeft":5}}
{"timestamp":"2025-08-19T18:51:02.166Z","action":"ALERT_CONTRACT_EXPIRY","contractId":"009","user":"system","detail":{"daysLeft":5}}
{"timestamp":"2025-08-19T18:52:02.178Z","action":"ALERT_CONTRACT_EXPIRY","contractId":"009","user":"system","detail":{"daysLeft":5}}
{"timestamp":"2025-08-19T18:53:02.225Z","action":"ALERT_CONTRACT_EXPIRY","contractId":"009","user":"system","detail":{"daysLeft":5}}
{"timestamp":"2025-08-19T18:54:02.243Z","action":"ALERT_CONTRACT_EXPIRY","contractId":"009","user":"system","detail":{"daysLeft":5}}
{"timestamp":"2025-08-19T18:55:02.852Z","action":"ALERT_CONTRACT_EXPIRY","contractId":"009","user":"system","detail":{"daysLeft":5}}
{"timestamp":"2025-08-19T18:56:02.138Z","action":"ALERT_CONTRACT_EXPIRY","contractId":"009","user":"system","detail":{"daysLeft":5}}
{"timestamp":"2025-08-19T18:57:03.017Z","action":"ALERT_CONTRACT_EXPIRY","contractId":"009","user":"system","detail":{"daysLeft":5}}
{"timestamp":"2025-08-19T18:58:02.251Z","action":"ALERT_CONTRACT_EXPIRY","contractId":"009","user":"system","detail":{"daysLeft":5}}
{"timestamp":"2025-08-19T18:59:02.160Z","action":"ALERT_CONTRACT_EXPIRY","contractId":"009","user":"system","detail":{"daysLeft":5}}
{"timestamp":"2025-08-20T01:56:34.340Z","action":"PERIOD_UPDATE","contractId":"50","user":"asd123","detail":{"periodNo":1,"dueDate":"2025-08-17T17:00:00.000Z","alert_days":1,"status":"กำลังดำเนินการ"}}
{"timestamp":"2025-08-20T01:56:51.174Z","action":"PERIOD_STATUS_UPDATE","contractId":"50","user":"asd123","detail":{"status":"เสร็จสิ้น"}}
{"timestamp":"2025-08-20T01:57:01.667Z","action":"UPDATE","contractId":"22","user":"asd123","detail":{"contractNo":"009"}}
